[ 2018-03-07T09:34:35+08:00 ] ::1 /thinkPHP/
INFO: [ app_init ] --START--
INFO: Run Behavior\BuildLiteBehavior [ RunTime:0.000000s ]
INFO: [ app_init ] --END-- [ RunTime:0.005000s ]
INFO: [ app_begin ] --START--
INFO: Run Behavior\ReadHtmlCacheBehavior [ RunTime:0.004000s ]
INFO: [ app_begin ] --END-- [ RunTime:0.005000s ]
INFO: [ app_end ] --START--
INFO: Run Behavior\ShowPageTraceBehavior [ RunTime:0.005000s ]
INFO: [ app_end ] --END-- [ RunTime:0.006000s ]

[ 2018-03-07T09:34:58+08:00 ] ::1 /thinkPHP/index.php/Home/Index/data1
INFO: [ app_init ] --START--
INFO: Run Behavior\BuildLiteBehavior [ RunTime:0.000000s ]
INFO: [ app_init ] --END-- [ RunTime:0.001000s ]
INFO: [ app_begin ] --START--
INFO: Run Behavior\ReadHtmlCacheBehavior [ RunTime:0.001000s ]
INFO: [ app_begin ] --END-- [ RunTime:0.001000s ]
SQL: SHOW COLUMNS FROM `users` [ RunTime:0.0350s ]
SQL: SELECT * FROM `users`  [ RunTime:0.0010s ]
INFO: [ app_end ] --START--
INFO: Run Behavior\ShowPageTraceBehavior [ RunTime:0.002000s ]
INFO: [ app_end ] --END-- [ RunTime:0.002000s ]

[ 2018-03-07T09:35:37+08:00 ] ::1 /thinkPHP/index.php/Home/View/Index/data1
INFO: [ app_init ] --START--
INFO: Run Behavior\BuildLiteBehavior [ RunTime:0.000000s ]
INFO: [ app_init ] --END-- [ RunTime:0.000000s ]
INFO: [ app_begin ] --START--
INFO: Run Behavior\ReadHtmlCacheBehavior [ RunTime:0.001000s ]
INFO: [ app_begin ] --END-- [ RunTime:0.002000s ]
ERR: 无法加载控制器:View

[ 2018-03-07T09:35:42+08:00 ] ::1 /thinkPHP/index.php/Home/View/Index/data1.html
INFO: [ app_init ] --START--
INFO: Run Behavior\BuildLiteBehavior [ RunTime:0.000000s ]
INFO: [ app_init ] --END-- [ RunTime:0.001000s ]
INFO: [ app_begin ] --START--
INFO: Run Behavior\ReadHtmlCacheBehavior [ RunTime:0.001000s ]
INFO: [ app_begin ] --END-- [ RunTime:0.001000s ]
ERR: 无法加载控制器:View

[ 2018-03-07T09:35:59+08:00 ] ::1 /thinkPHP/index.php/Home/View/Index/data1.html
INFO: [ app_init ] --START--
INFO: Run Behavior\BuildLiteBehavior [ RunTime:0.000000s ]
INFO: [ app_init ] --END-- [ RunTime:0.000000s ]
INFO: [ app_begin ] --START--
INFO: Run Behavior\ReadHtmlCacheBehavior [ RunTime:0.000000s ]
INFO: [ app_begin ] --END-- [ RunTime:0.000000s ]
ERR: 无法加载控制器:View

[ 2018-03-07T09:36:00+08:00 ] ::1 /thinkPHP/index.php/Home/View/Index/data1.html
INFO: [ app_init ] --START--
INFO: Run Behavior\BuildLiteBehavior [ RunTime:0.000000s ]
INFO: [ app_init ] --END-- [ RunTime:0.000000s ]
INFO: [ app_begin ] --START--
INFO: Run Behavior\ReadHtmlCacheBehavior [ RunTime:0.001000s ]
INFO: [ app_begin ] --END-- [ RunTime:0.001000s ]
ERR: 无法加载控制器:View

[ 2018-03-07T09:36:00+08:00 ] ::1 /thinkPHP/index.php/Home/View/Index/data1.html
INFO: [ app_init ] --START--
INFO: Run Behavior\BuildLiteBehavior [ RunTime:0.000000s ]
INFO: [ app_init ] --END-- [ RunTime:0.000000s ]
INFO: [ app_begin ] --START--
INFO: Run Behavior\ReadHtmlCacheBehavior [ RunTime:0.001001s ]
INFO: [ app_begin ] --END-- [ RunTime:0.001001s ]
ERR: 无法加载控制器:View

[ 2018-03-07T09:36:00+08:00 ] ::1 /thinkPHP/index.php/Home/View/Index/data1.html
INFO: [ app_init ] --START--
INFO: Run Behavior\BuildLiteBehavior [ RunTime:0.000000s ]
INFO: [ app_init ] --END-- [ RunTime:0.000000s ]
INFO: [ app_begin ] --START--
INFO: Run Behavior\ReadHtmlCacheBehavior [ RunTime:0.001000s ]
INFO: [ app_begin ] --END-- [ RunTime:0.001000s ]
ERR: 无法加载控制器:View

[ 2018-03-07T09:36:00+08:00 ] ::1 /thinkPHP/index.php/Home/View/Index/data1.html
INFO: [ app_init ] --START--
INFO: Run Behavior\BuildLiteBehavior [ RunTime:0.000000s ]
INFO: [ app_init ] --END-- [ RunTime:0.001000s ]
INFO: [ app_begin ] --START--
INFO: Run Behavior\ReadHtmlCacheBehavior [ RunTime:0.001000s ]
INFO: [ app_begin ] --END-- [ RunTime:0.001000s ]
ERR: 无法加载控制器:View

[ 2018-03-07T09:36:04+08:00 ] ::1 /thinkPHP/index.php/Home/View/Index/data1
INFO: [ app_init ] --START--
INFO: Run Behavior\BuildLiteBehavior [ RunTime:0.000000s ]
INFO: [ app_init ] --END-- [ RunTime:0.001000s ]
INFO: [ app_begin ] --START--
INFO: Run Behavior\ReadHtmlCacheBehavior [ RunTime:0.001000s ]
INFO: [ app_begin ] --END-- [ RunTime:0.001000s ]
ERR: 无法加载控制器:View

[ 2018-03-07T09:36:10+08:00 ] ::1 /thinkPHP/index.php/Home/Index/data1
INFO: [ app_init ] --START--
INFO: Run Behavior\BuildLiteBehavior [ RunTime:0.000000s ]
INFO: [ app_init ] --END-- [ RunTime:0.000000s ]
INFO: [ app_begin ] --START--
INFO: Run Behavior\ReadHtmlCacheBehavior [ RunTime:0.001000s ]
INFO: [ app_begin ] --END-- [ RunTime:0.001000s ]
SQL: SHOW COLUMNS FROM `users` [ RunTime:0.0120s ]
SQL: SELECT * FROM `users`  [ RunTime:0.0000s ]
NOTIC: [8] Undefined variable: data1 D:\phpStudy\WWW\thinkPHP\du\Home\Controller\IndexController.class.php 第 20 行.
INFO: [ view_parse ] --START--
INFO: [ template_filter ] --START--
INFO: Run Behavior\ContentReplaceBehavior [ RunTime:0.000000s ]
INFO: [ template_filter ] --END-- [ RunTime:0.000000s ]
INFO: Run Behavior\ParseTemplateBehavior [ RunTime:0.072004s ]
INFO: [ view_parse ] --END-- [ RunTime:0.072004s ]
INFO: [ view_filter ] --START--
INFO: Run Behavior\WriteHtmlCacheBehavior [ RunTime:0.004000s ]
INFO: [ view_filter ] --END-- [ RunTime:0.004000s ]
INFO: [ app_end ] --START--
INFO: Run Behavior\ShowPageTraceBehavior [ RunTime:0.001000s ]
INFO: [ app_end ] --END-- [ RunTime:0.001000s ]

[ 2018-03-07T09:36:14+08:00 ] ::1 /thinkPHP/index.php/Home/Index/data1
INFO: [ app_init ] --START--
INFO: Run Behavior\BuildLiteBehavior [ RunTime:0.000000s ]
INFO: [ app_init ] --END-- [ RunTime:0.001000s ]
INFO: [ app_begin ] --START--
INFO: Run Behavior\ReadHtmlCacheBehavior [ RunTime:0.001000s ]
INFO: [ app_begin ] --END-- [ RunTime:0.001000s ]
SQL: SHOW COLUMNS FROM `users` [ RunTime:0.0090s ]
SQL: SELECT * FROM `users`  [ RunTime:0.0000s ]
NOTIC: [8] Undefined variable: data1 D:\phpStudy\WWW\thinkPHP\du\Home\Controller\IndexController.class.php 第 20 行.
INFO: [ view_parse ] --START--
INFO: [ template_filter ] --START--
INFO: Run Behavior\ContentReplaceBehavior [ RunTime:0.000000s ]
INFO: [ template_filter ] --END-- [ RunTime:0.000000s ]
INFO: Run Behavior\ParseTemplateBehavior [ RunTime:0.007000s ]
INFO: [ view_parse ] --END-- [ RunTime:0.007000s ]
INFO: [ view_filter ] --START--
INFO: Run Behavior\WriteHtmlCacheBehavior [ RunTime:0.000000s ]
INFO: [ view_filter ] --END-- [ RunTime:0.000000s ]
INFO: [ app_end ] --START--
INFO: Run Behavior\ShowPageTraceBehavior [ RunTime:0.001001s ]
INFO: [ app_end ] --END-- [ RunTime:0.001001s ]

[ 2018-03-07T09:50:59+08:00 ] ::1 /thinkPHP/index.php/Home/Index/data1
INFO: [ app_init ] --START--
INFO: Run Behavior\BuildLiteBehavior [ RunTime:0.000000s ]
INFO: [ app_init ] --END-- [ RunTime:0.000000s ]
INFO: [ app_begin ] --START--
INFO: Run Behavior\ReadHtmlCacheBehavior [ RunTime:0.000000s ]
INFO: [ app_begin ] --END-- [ RunTime:0.000000s ]
SQL: SHOW COLUMNS FROM `users` [ RunTime:0.0100s ]
SQL: SELECT * FROM `users`  [ RunTime:0.0010s ]
NOTIC: [8] Undefined variable: data1 D:\phpStudy\WWW\thinkPHP\du\Home\Controller\IndexController.class.php 第 20 行.
INFO: [ view_parse ] --START--
INFO: [ template_filter ] --START--
INFO: Run Behavior\ContentReplaceBehavior [ RunTime:0.000000s ]
INFO: [ template_filter ] --END-- [ RunTime:0.001000s ]
INFO: Run Behavior\ParseTemplateBehavior [ RunTime:0.007001s ]
INFO: [ view_parse ] --END-- [ RunTime:0.007001s ]
INFO: [ view_filter ] --START--
INFO: Run Behavior\WriteHtmlCacheBehavior [ RunTime:0.000000s ]
INFO: [ view_filter ] --END-- [ RunTime:0.000000s ]
INFO: [ app_end ] --START--
INFO: Run Behavior\ShowPageTraceBehavior [ RunTime:0.000000s ]
INFO: [ app_end ] --END-- [ RunTime:0.001000s ]

[ 2018-03-07T09:51:04+08:00 ] ::1 /thinkPHP/index.php/Home/Index/yzm
INFO: [ app_init ] --START--
INFO: Run Behavior\BuildLiteBehavior [ RunTime:0.000000s ]
INFO: [ app_init ] --END-- [ RunTime:0.001000s ]
INFO: [ app_begin ] --START--
INFO: Run Behavior\ReadHtmlCacheBehavior [ RunTime:0.001000s ]
INFO: [ app_begin ] --END-- [ RunTime:0.001000s ]
INFO: [ app_end ] --START--
INFO: Run Behavior\ShowPageTraceBehavior [ RunTime:0.001000s ]
INFO: [ app_end ] --END-- [ RunTime:0.002001s ]

[ 2018-03-07T09:51:07+08:00 ] ::1 /thinkPHP/index.php/Home/Index/yzm
INFO: [ app_init ] --START--
INFO: Run Behavior\BuildLiteBehavior [ RunTime:0.000000s ]
INFO: [ app_init ] --END-- [ RunTime:0.001001s ]
INFO: [ app_begin ] --START--
INFO: Run Behavior\ReadHtmlCacheBehavior [ RunTime:0.001000s ]
INFO: [ app_begin ] --END-- [ RunTime:0.001000s ]
INFO: [ app_end ] --START--
INFO: Run Behavior\ShowPageTraceBehavior [ RunTime:0.001000s ]
INFO: [ app_end ] --END-- [ RunTime:0.001000s ]

[ 2018-03-07T09:51:07+08:00 ] ::1 /thinkPHP/index.php/Home/Index/yzm
INFO: [ app_init ] --START--
INFO: Run Behavior\BuildLiteBehavior [ RunTime:0.000000s ]
INFO: [ app_init ] --END-- [ RunTime:0.001000s ]
INFO: [ app_begin ] --START--
INFO: Run Behavior\ReadHtmlCacheBehavior [ RunTime:0.001000s ]
INFO: [ app_begin ] --END-- [ RunTime:0.001000s ]
INFO: [ app_end ] --START--
INFO: Run Behavior\ShowPageTraceBehavior [ RunTime:0.001001s ]
INFO: [ app_end ] --END-- [ RunTime:0.001001s ]

[ 2018-03-07T09:51:08+08:00 ] ::1 /thinkPHP/index.php/Home/Index/yzm
INFO: [ app_init ] --START--
INFO: Run Behavior\BuildLiteBehavior [ RunTime:0.000000s ]
INFO: [ app_init ] --END-- [ RunTime:0.001000s ]
INFO: [ app_begin ] --START--
INFO: Run Behavior\ReadHtmlCacheBehavior [ RunTime:0.000000s ]
INFO: [ app_begin ] --END-- [ RunTime:0.000000s ]
INFO: [ app_end ] --START--
INFO: Run Behavior\ShowPageTraceBehavior [ RunTime:0.000000s ]
INFO: [ app_end ] --END-- [ RunTime:0.000000s ]

[ 2018-03-07T09:51:08+08:00 ] ::1 /thinkPHP/index.php/Home/Index/yzm
INFO: [ app_init ] --START--
INFO: Run Behavior\BuildLiteBehavior [ RunTime:0.000000s ]
INFO: [ app_init ] --END-- [ RunTime:0.001000s ]
INFO: [ app_begin ] --START--
INFO: Run Behavior\ReadHtmlCacheBehavior [ RunTime:0.001000s ]
INFO: [ app_begin ] --END-- [ RunTime:0.001000s ]
INFO: [ app_end ] --START--
INFO: Run Behavior\ShowPageTraceBehavior [ RunTime:0.001000s ]
INFO: [ app_end ] --END-- [ RunTime:0.001000s ]

[ 2018-03-07T09:51:08+08:00 ] ::1 /thinkPHP/index.php/Home/Index/yzm
INFO: [ app_init ] --START--
INFO: Run Behavior\BuildLiteBehavior [ RunTime:0.000000s ]
INFO: [ app_init ] --END-- [ RunTime:0.000000s ]
INFO: [ app_begin ] --START--
INFO: Run Behavior\ReadHtmlCacheBehavior [ RunTime:0.000000s ]
INFO: [ app_begin ] --END-- [ RunTime:0.000000s ]
INFO: [ app_end ] --START--
INFO: Run Behavior\ShowPageTraceBehavior [ RunTime:0.001000s ]
INFO: [ app_end ] --END-- [ RunTime:0.001000s ]

[ 2018-03-07T09:51:08+08:00 ] ::1 /thinkPHP/index.php/Home/Index/yzm
INFO: [ app_init ] --START--
INFO: Run Behavior\BuildLiteBehavior [ RunTime:0.000000s ]
INFO: [ app_init ] --END-- [ RunTime:0.001000s ]
INFO: [ app_begin ] --START--
INFO: Run Behavior\ReadHtmlCacheBehavior [ RunTime:0.001000s ]
INFO: [ app_begin ] --END-- [ RunTime:0.001000s ]
INFO: [ app_end ] --START--
INFO: Run Behavior\ShowPageTraceBehavior [ RunTime:0.000000s ]
INFO: [ app_end ] --END-- [ RunTime:0.000000s ]

[ 2018-03-07T09:51:08+08:00 ] ::1 /thinkPHP/index.php/Home/Index/yzm
INFO: [ app_init ] --START--
INFO: Run Behavior\BuildLiteBehavior [ RunTime:0.000000s ]
INFO: [ app_init ] --END-- [ RunTime:0.002000s ]
INFO: [ app_begin ] --START--
INFO: Run Behavior\ReadHtmlCacheBehavior [ RunTime:0.001000s ]
INFO: [ app_begin ] --END-- [ RunTime:0.001000s ]
INFO: [ app_end ] --START--
INFO: Run Behavior\ShowPageTraceBehavior [ RunTime:0.002000s ]
INFO: [ app_end ] --END-- [ RunTime:0.002000s ]

[ 2018-03-07T09:51:08+08:00 ] ::1 /thinkPHP/index.php/Home/Index/yzm
INFO: [ app_init ] --START--
INFO: Run Behavior\BuildLiteBehavior [ RunTime:0.000000s ]
INFO: [ app_init ] --END-- [ RunTime:0.001000s ]
INFO: [ app_begin ] --START--
INFO: Run Behavior\ReadHtmlCacheBehavior [ RunTime:0.001000s ]
INFO: [ app_begin ] --END-- [ RunTime:0.001000s ]
INFO: [ app_end ] --START--
INFO: Run Behavior\ShowPageTraceBehavior [ RunTime:0.001000s ]
INFO: [ app_end ] --END-- [ RunTime:0.001000s ]

[ 2018-03-07T09:51:09+08:00 ] ::1 /thinkPHP/index.php/Home/Index/yzm
INFO: [ app_init ] --START--
INFO: Run Behavior\BuildLiteBehavior [ RunTime:0.000000s ]
INFO: [ app_init ] --END-- [ RunTime:0.001000s ]
INFO: [ app_begin ] --START--
INFO: Run Behavior\ReadHtmlCacheBehavior [ RunTime:0.001000s ]
INFO: [ app_begin ] --END-- [ RunTime:0.002000s ]
INFO: [ app_end ] --START--
INFO: Run Behavior\ShowPageTraceBehavior [ RunTime:0.001000s ]
INFO: [ app_end ] --END-- [ RunTime:0.001000s ]

[ 2018-03-07T09:51:09+08:00 ] ::1 /thinkPHP/index.php/Home/Index/yzm
INFO: [ app_init ] --START--
INFO: Run Behavior\BuildLiteBehavior [ RunTime:0.000000s ]
INFO: [ app_init ] --END-- [ RunTime:0.001001s ]
INFO: [ app_begin ] --START--
INFO: Run Behavior\ReadHtmlCacheBehavior [ RunTime:0.001000s ]
INFO: [ app_begin ] --END-- [ RunTime:0.001000s ]
INFO: [ app_end ] --START--
INFO: Run Behavior\ShowPageTraceBehavior [ RunTime:0.001000s ]
INFO: [ app_end ] --END-- [ RunTime:0.001000s ]

[ 2018-03-07T09:51:09+08:00 ] ::1 /thinkPHP/index.php/Home/Index/yzm
INFO: [ app_init ] --START--
INFO: Run Behavior\BuildLiteBehavior [ RunTime:0.000000s ]
INFO: [ app_init ] --END-- [ RunTime:0.001000s ]
INFO: [ app_begin ] --START--
INFO: Run Behavior\ReadHtmlCacheBehavior [ RunTime:0.001000s ]
INFO: [ app_begin ] --END-- [ RunTime:0.001000s ]
INFO: [ app_end ] --START--
INFO: Run Behavior\ShowPageTraceBehavior [ RunTime:0.001000s ]
INFO: [ app_end ] --END-- [ RunTime:0.001000s ]

[ 2018-03-07T09:51:09+08:00 ] ::1 /thinkPHP/index.php/Home/Index/yzm
INFO: [ app_init ] --START--
INFO: Run Behavior\BuildLiteBehavior [ RunTime:0.000000s ]
INFO: [ app_init ] --END-- [ RunTime:0.001000s ]
INFO: [ app_begin ] --START--
INFO: Run Behavior\ReadHtmlCacheBehavior [ RunTime:0.000000s ]
INFO: [ app_begin ] --END-- [ RunTime:0.001000s ]
INFO: [ app_end ] --START--
INFO: Run Behavior\ShowPageTraceBehavior [ RunTime:0.001000s ]
INFO: [ app_end ] --END-- [ RunTime:0.001000s ]

[ 2018-03-07T10:00:01+08:00 ] ::1 /thinkPHP/index.php/Home/View/Index/data1
INFO: [ app_init ] --START--
INFO: Run Behavior\BuildLiteBehavior [ RunTime:0.000000s ]
INFO: [ app_init ] --END-- [ RunTime:0.001001s ]
INFO: [ app_begin ] --START--
INFO: Run Behavior\ReadHtmlCacheBehavior [ RunTime:0.001000s ]
INFO: [ app_begin ] --END-- [ RunTime:0.001000s ]
ERR: 无法加载控制器:View

[ 2018-03-07T10:00:08+08:00 ] ::1 /thinkPHP/index.php/Home/View/Index/data1.html
INFO: [ app_init ] --START--
INFO: Run Behavior\BuildLiteBehavior [ RunTime:0.001000s ]
INFO: [ app_init ] --END-- [ RunTime:0.001000s ]
INFO: [ app_begin ] --START--
INFO: Run Behavior\ReadHtmlCacheBehavior [ RunTime:0.001000s ]
INFO: [ app_begin ] --END-- [ RunTime:0.001000s ]
ERR: 无法加载控制器:View

[ 2018-03-07T10:02:35+08:00 ] ::1 /thinkPHP/index.php/Home/Index/data1
INFO: [ app_init ] --START--
INFO: Run Behavior\BuildLiteBehavior [ RunTime:0.000000s ]
INFO: [ app_init ] --END-- [ RunTime:0.000000s ]
INFO: [ app_begin ] --START--
INFO: Run Behavior\ReadHtmlCacheBehavior [ RunTime:0.000000s ]
INFO: [ app_begin ] --END-- [ RunTime:0.000000s ]
SQL: SHOW COLUMNS FROM `users` [ RunTime:0.0070s ]
SQL: SELECT * FROM `users`  [ RunTime:0.0000s ]
INFO: [ view_parse ] --START--
INFO: [ template_filter ] --START--
INFO: Run Behavior\ContentReplaceBehavior [ RunTime:0.000000s ]
INFO: [ template_filter ] --END-- [ RunTime:0.000000s ]
NOTIC: [8] Use of undefined constant id - assumed 'id' D:\phpStudy\WWW\thinkPHP\du\Runtime\Cache\Home\5ad23243b14c68ef2fd601733169950e.php 第 9 行.
NOTIC: [8] Use of undefined constant name - assumed 'name' D:\phpStudy\WWW\thinkPHP\du\Runtime\Cache\Home\5ad23243b14c68ef2fd601733169950e.php 第 9 行.
NOTIC: [8] Use of undefined constant age - assumed 'age' D:\phpStudy\WWW\thinkPHP\du\Runtime\Cache\Home\5ad23243b14c68ef2fd601733169950e.php 第 9 行.
NOTIC: [8] Use of undefined constant sex - assumed 'sex' D:\phpStudy\WWW\thinkPHP\du\Runtime\Cache\Home\5ad23243b14c68ef2fd601733169950e.php 第 9 行.
INFO: Run Behavior\ParseTemplateBehavior [ RunTime:0.007000s ]
INFO: [ view_parse ] --END-- [ RunTime:0.007000s ]
INFO: [ view_filter ] --START--
INFO: Run Behavior\WriteHtmlCacheBehavior [ RunTime:0.001000s ]
INFO: [ view_filter ] --END-- [ RunTime:0.001000s ]
INFO: [ app_end ] --START--
INFO: Run Behavior\ShowPageTraceBehavior [ RunTime:0.001000s ]
INFO: [ app_end ] --END-- [ RunTime:0.001000s ]

[ 2018-03-07T10:03:19+08:00 ] ::1 /thinkPHP/index.php/Home/Index/data1
INFO: [ app_init ] --START--
INFO: Run Behavior\BuildLiteBehavior [ RunTime:0.000000s ]
INFO: [ app_init ] --END-- [ RunTime:0.001000s ]
INFO: [ app_begin ] --START--
INFO: Run Behavior\ReadHtmlCacheBehavior [ RunTime:0.001000s ]
INFO: [ app_begin ] --END-- [ RunTime:0.001000s ]

[ 2018-03-07T10:03:25+08:00 ] ::1 /thinkPHP/index.php/Home/Index/data1
INFO: [ app_init ] --START--
INFO: Run Behavior\BuildLiteBehavior [ RunTime:0.000000s ]
INFO: [ app_init ] --END-- [ RunTime:0.000000s ]
INFO: [ app_begin ] --START--
INFO: Run Behavior\ReadHtmlCacheBehavior [ RunTime:0.001000s ]
INFO: [ app_begin ] --END-- [ RunTime:0.001000s ]

[ 2018-03-07T10:03:32+08:00 ] ::1 /thinkPHP/index.php/Home/Index/data1
INFO: [ app_init ] --START--
INFO: Run Behavior\BuildLiteBehavior [ RunTime:0.000000s ]
INFO: [ app_init ] --END-- [ RunTime:0.000000s ]
INFO: [ app_begin ] --START--
INFO: Run Behavior\ReadHtmlCacheBehavior [ RunTime:0.000000s ]
INFO: [ app_begin ] --END-- [ RunTime:0.000000s ]
SQL: SHOW COLUMNS FROM `users` [ RunTime:0.0070s ]
SQL: SELECT * FROM `users`  [ RunTime:0.0000s ]
INFO: [ view_parse ] --START--
INFO: [ template_filter ] --START--
INFO: Run Behavior\ContentReplaceBehavior [ RunTime:0.001000s ]
INFO: [ template_filter ] --END-- [ RunTime:0.001000s ]
NOTIC: [8] Use of undefined constant id - assumed 'id' D:\phpStudy\WWW\thinkPHP\du\Runtime\Cache\Home\5ad23243b14c68ef2fd601733169950e.php 第 9 行.
NOTIC: [8] Use of undefined constant name - assumed 'name' D:\phpStudy\WWW\thinkPHP\du\Runtime\Cache\Home\5ad23243b14c68ef2fd601733169950e.php 第 9 行.
NOTIC: [8] Use of undefined constant age - assumed 'age' D:\phpStudy\WWW\thinkPHP\du\Runtime\Cache\Home\5ad23243b14c68ef2fd601733169950e.php 第 9 行.
NOTIC: [8] Use of undefined constant sex - assumed 'sex' D:\phpStudy\WWW\thinkPHP\du\Runtime\Cache\Home\5ad23243b14c68ef2fd601733169950e.php 第 9 行.
INFO: Run Behavior\ParseTemplateBehavior [ RunTime:0.007001s ]
INFO: [ view_parse ] --END-- [ RunTime:0.007001s ]
INFO: [ view_filter ] --START--
INFO: Run Behavior\WriteHtmlCacheBehavior [ RunTime:0.001000s ]
INFO: [ view_filter ] --END-- [ RunTime:0.001000s ]
INFO: [ app_end ] --START--
INFO: Run Behavior\ShowPageTraceBehavior [ RunTime:0.000000s ]
INFO: [ app_end ] --END-- [ RunTime:0.000000s ]

[ 2018-03-07T10:03:40+08:00 ] ::1 /thinkPHP/index.php/Home/Index/data1
INFO: [ app_init ] --START--
INFO: Run Behavior\BuildLiteBehavior [ RunTime:0.000000s ]
INFO: [ app_init ] --END-- [ RunTime:0.000000s ]
INFO: [ app_begin ] --START--
INFO: Run Behavior\ReadHtmlCacheBehavior [ RunTime:0.001000s ]
INFO: [ app_begin ] --END-- [ RunTime:0.001000s ]
SQL: SHOW COLUMNS FROM `users` [ RunTime:0.0060s ]
SQL: SELECT * FROM `users`  [ RunTime:0.0000s ]
INFO: [ app_end ] --START--
INFO: Run Behavior\ShowPageTraceBehavior [ RunTime:0.001000s ]
INFO: [ app_end ] --END-- [ RunTime:0.001000s ]

[ 2018-03-07T10:04:22+08:00 ] ::1 /thinkPHP/index.php/Home/Index/data1
INFO: [ app_init ] --START--
INFO: Run Behavior\BuildLiteBehavior [ RunTime:0.000000s ]
INFO: [ app_init ] --END-- [ RunTime:0.001000s ]
INFO: [ app_begin ] --START--
INFO: Run Behavior\ReadHtmlCacheBehavior [ RunTime:0.000000s ]
INFO: [ app_begin ] --END-- [ RunTime:0.000000s ]
SQL: SHOW COLUMNS FROM `users` [ RunTime:0.0060s ]
SQL: SELECT * FROM `users`  [ RunTime:0.0000s ]
INFO: [ view_parse ] --START--
INFO: [ template_filter ] --START--
INFO: Run Behavior\ContentReplaceBehavior [ RunTime:0.000000s ]
INFO: [ template_filter ] --END-- [ RunTime:0.000000s ]
NOTIC: [8] Use of undefined constant id - assumed 'id' D:\phpStudy\WWW\thinkPHP\du\Runtime\Cache\Home\5ad23243b14c68ef2fd601733169950e.php 第 9 行.
NOTIC: [8] Use of undefined constant name - assumed 'name' D:\phpStudy\WWW\thinkPHP\du\Runtime\Cache\Home\5ad23243b14c68ef2fd601733169950e.php 第 9 行.
NOTIC: [8] Use of undefined constant age - assumed 'age' D:\phpStudy\WWW\thinkPHP\du\Runtime\Cache\Home\5ad23243b14c68ef2fd601733169950e.php 第 9 行.
NOTIC: [8] Use of undefined constant sex - assumed 'sex' D:\phpStudy\WWW\thinkPHP\du\Runtime\Cache\Home\5ad23243b14c68ef2fd601733169950e.php 第 9 行.
INFO: Run Behavior\ParseTemplateBehavior [ RunTime:0.004001s ]
INFO: [ view_parse ] --END-- [ RunTime:0.004001s ]
INFO: [ view_filter ] --START--
INFO: Run Behavior\WriteHtmlCacheBehavior [ RunTime:0.001000s ]
INFO: [ view_filter ] --END-- [ RunTime:0.001000s ]
INFO: [ app_end ] --START--
INFO: Run Behavior\ShowPageTraceBehavior [ RunTime:0.000000s ]
INFO: [ app_end ] --END-- [ RunTime:0.000000s ]

[ 2018-03-07T10:04:33+08:00 ] ::1 /thinkPHP/index.php/Home/Index/data1
INFO: [ app_init ] --START--
INFO: Run Behavior\BuildLiteBehavior [ RunTime:0.000000s ]
INFO: [ app_init ] --END-- [ RunTime:0.001000s ]
INFO: [ app_begin ] --START--
INFO: Run Behavior\ReadHtmlCacheBehavior [ RunTime:0.001000s ]
INFO: [ app_begin ] --END-- [ RunTime:0.001000s ]
SQL: SHOW COLUMNS FROM `users` [ RunTime:0.0060s ]
SQL: SELECT * FROM `users`  [ RunTime:0.0000s ]
INFO: [ view_parse ] --START--
INFO: [ template_filter ] --START--
INFO: Run Behavior\ContentReplaceBehavior [ RunTime:0.001000s ]
INFO: [ template_filter ] --END-- [ RunTime:0.001000s ]
NOTIC: [8] Use of undefined constant id - assumed 'id' D:\phpStudy\WWW\thinkPHP\du\Runtime\Cache\Home\5ad23243b14c68ef2fd601733169950e.php 第 9 行.
NOTIC: [8] Use of undefined constant name - assumed 'name' D:\phpStudy\WWW\thinkPHP\du\Runtime\Cache\Home\5ad23243b14c68ef2fd601733169950e.php 第 9 行.
NOTIC: [8] Use of undefined constant age - assumed 'age' D:\phpStudy\WWW\thinkPHP\du\Runtime\Cache\Home\5ad23243b14c68ef2fd601733169950e.php 第 9 行.
NOTIC: [8] Use of undefined constant sex - assumed 'sex' D:\phpStudy\WWW\thinkPHP\du\Runtime\Cache\Home\5ad23243b14c68ef2fd601733169950e.php 第 9 行.
INFO: Run Behavior\ParseTemplateBehavior [ RunTime:0.005000s ]
INFO: [ view_parse ] --END-- [ RunTime:0.005000s ]
INFO: [ view_filter ] --START--
INFO: Run Behavior\WriteHtmlCacheBehavior [ RunTime:0.001000s ]
INFO: [ view_filter ] --END-- [ RunTime:0.001000s ]
INFO: [ app_end ] --START--
INFO: Run Behavior\ShowPageTraceBehavior [ RunTime:0.000000s ]
INFO: [ app_end ] --END-- [ RunTime:0.000000s ]

[ 2018-03-07T10:07:58+08:00 ] ::1 /thinkPHP/index.php/Home/Index/data1
INFO: [ app_init ] --START--
INFO: Run Behavior\BuildLiteBehavior [ RunTime:0.000000s ]
INFO: [ app_init ] --END-- [ RunTime:0.000000s ]
INFO: [ app_begin ] --START--
INFO: Run Behavior\ReadHtmlCacheBehavior [ RunTime:0.001000s ]
INFO: [ app_begin ] --END-- [ RunTime:0.001000s ]
SQL: SHOW COLUMNS FROM `users` [ RunTime:0.0090s ]
SQL: SELECT * FROM `users`  [ RunTime:0.0000s ]
INFO: [ view_parse ] --START--
INFO: [ template_filter ] --START--
INFO: Run Behavior\ContentReplaceBehavior [ RunTime:0.000000s ]
INFO: [ template_filter ] --END-- [ RunTime:0.000000s ]
NOTIC: [8] Use of undefined constant id - assumed 'id' D:\phpStudy\WWW\thinkPHP\du\Runtime\Cache\Home\5ad23243b14c68ef2fd601733169950e.php 第 9 行.
NOTIC: [8] Use of undefined constant name - assumed 'name' D:\phpStudy\WWW\thinkPHP\du\Runtime\Cache\Home\5ad23243b14c68ef2fd601733169950e.php 第 10 行.
NOTIC: [8] Use of undefined constant age - assumed 'age' D:\phpStudy\WWW\thinkPHP\du\Runtime\Cache\Home\5ad23243b14c68ef2fd601733169950e.php 第 11 行.
NOTIC: [8] Use of undefined constant sex - assumed 'sex' D:\phpStudy\WWW\thinkPHP\du\Runtime\Cache\Home\5ad23243b14c68ef2fd601733169950e.php 第 12 行.
INFO: Run Behavior\ParseTemplateBehavior [ RunTime:0.007001s ]
INFO: [ view_parse ] --END-- [ RunTime:0.007001s ]
INFO: [ view_filter ] --START--
INFO: Run Behavior\WriteHtmlCacheBehavior [ RunTime:0.001000s ]
INFO: [ view_filter ] --END-- [ RunTime:0.001000s ]
INFO: [ app_end ] --START--
INFO: Run Behavior\ShowPageTraceBehavior [ RunTime:0.001000s ]
INFO: [ app_end ] --END-- [ RunTime:0.001000s ]

[ 2018-03-07T10:07:59+08:00 ] ::1 /thinkPHP/index.php/Home/Index/data1
INFO: [ app_init ] --START--
INFO: Run Behavior\BuildLiteBehavior [ RunTime:0.000000s ]
INFO: [ app_init ] --END-- [ RunTime:0.001000s ]
INFO: [ app_begin ] --START--
INFO: Run Behavior\ReadHtmlCacheBehavior [ RunTime:0.001001s ]
INFO: [ app_begin ] --END-- [ RunTime:0.001001s ]
SQL: SHOW COLUMNS FROM `users` [ RunTime:0.0130s ]
SQL: SELECT * FROM `users`  [ RunTime:0.0010s ]
INFO: [ view_parse ] --START--
INFO: [ template_filter ] --START--
INFO: Run Behavior\ContentReplaceBehavior [ RunTime:0.000000s ]
INFO: [ template_filter ] --END-- [ RunTime:0.000000s ]
NOTIC: [8] Use of undefined constant id - assumed 'id' D:\phpStudy\WWW\thinkPHP\du\Runtime\Cache\Home\5ad23243b14c68ef2fd601733169950e.php 第 9 行.
NOTIC: [8] Use of undefined constant name - assumed 'name' D:\phpStudy\WWW\thinkPHP\du\Runtime\Cache\Home\5ad23243b14c68ef2fd601733169950e.php 第 10 行.
NOTIC: [8] Use of undefined constant age - assumed 'age' D:\phpStudy\WWW\thinkPHP\du\Runtime\Cache\Home\5ad23243b14c68ef2fd601733169950e.php 第 11 行.
NOTIC: [8] Use of undefined constant sex - assumed 'sex' D:\phpStudy\WWW\thinkPHP\du\Runtime\Cache\Home\5ad23243b14c68ef2fd601733169950e.php 第 12 行.
INFO: Run Behavior\ParseTemplateBehavior [ RunTime:0.010000s ]
INFO: [ view_parse ] --END-- [ RunTime:0.010000s ]
INFO: [ view_filter ] --START--
INFO: Run Behavior\WriteHtmlCacheBehavior [ RunTime:0.000000s ]
INFO: [ view_filter ] --END-- [ RunTime:0.000000s ]
INFO: [ app_end ] --START--
INFO: Run Behavior\ShowPageTraceBehavior [ RunTime:0.001000s ]
INFO: [ app_end ] --END-- [ RunTime:0.001000s ]

[ 2018-03-07T10:10:02+08:00 ] ::1 /thinkPHP/index.php/Home/Index/data1
INFO: [ app_init ] --START--
INFO: Run Behavior\BuildLiteBehavior [ RunTime:0.000000s ]
INFO: [ app_init ] --END-- [ RunTime:0.001000s ]
INFO: [ app_begin ] --START--
INFO: Run Behavior\ReadHtmlCacheBehavior [ RunTime:0.002000s ]
INFO: [ app_begin ] --END-- [ RunTime:0.002000s ]
SQL: SHOW COLUMNS FROM `users` [ RunTime:0.0090s ]
SQL: SELECT * FROM `users`  [ RunTime:0.0000s ]
INFO: [ view_parse ] --START--
INFO: [ template_filter ] --START--
INFO: Run Behavior\ContentReplaceBehavior [ RunTime:0.001000s ]
INFO: [ template_filter ] --END-- [ RunTime:0.001000s ]
NOTIC: [8] Use of undefined constant id - assumed 'id' D:\phpStudy\WWW\thinkPHP\du\Runtime\Cache\Home\5ad23243b14c68ef2fd601733169950e.php 第 9 行.
NOTIC: [8] Use of undefined constant name - assumed 'name' D:\phpStudy\WWW\thinkPHP\du\Runtime\Cache\Home\5ad23243b14c68ef2fd601733169950e.php 第 10 行.
NOTIC: [8] Use of undefined constant age - assumed 'age' D:\phpStudy\WWW\thinkPHP\du\Runtime\Cache\Home\5ad23243b14c68ef2fd601733169950e.php 第 11 行.
NOTIC: [8] Use of undefined constant sex - assumed 'sex' D:\phpStudy\WWW\thinkPHP\du\Runtime\Cache\Home\5ad23243b14c68ef2fd601733169950e.php 第 12 行.
NOTIC: [8] Use of undefined constant id - assumed 'id' D:\phpStudy\WWW\thinkPHP\du\Runtime\Cache\Home\5ad23243b14c68ef2fd601733169950e.php 第 9 行.
NOTIC: [8] Use of undefined constant name - assumed 'name' D:\phpStudy\WWW\thinkPHP\du\Runtime\Cache\Home\5ad23243b14c68ef2fd601733169950e.php 第 10 行.
NOTIC: [8] Use of undefined constant age - assumed 'age' D:\phpStudy\WWW\thinkPHP\du\Runtime\Cache\Home\5ad23243b14c68ef2fd601733169950e.php 第 11 行.
NOTIC: [8] Use of undefined constant sex - assumed 'sex' D:\phpStudy\WWW\thinkPHP\du\Runtime\Cache\Home\5ad23243b14c68ef2fd601733169950e.php 第 12 行.
INFO: Run Behavior\ParseTemplateBehavior [ RunTime:0.010000s ]
INFO: [ view_parse ] --END-- [ RunTime:0.011000s ]
INFO: [ view_filter ] --START--
INFO: Run Behavior\WriteHtmlCacheBehavior [ RunTime:0.000000s ]
INFO: [ view_filter ] --END-- [ RunTime:0.001000s ]
INFO: [ app_end ] --START--
INFO: Run Behavior\ShowPageTraceBehavior [ RunTime:0.001000s ]
INFO: [ app_end ] --END-- [ RunTime:0.001000s ]

[ 2018-03-07T10:17:24+08:00 ] ::1 /thinkPHP/index.php/Home/Index/data1
INFO: [ app_init ] --START--
INFO: Run Behavior\BuildLiteBehavior [ RunTime:0.000000s ]
INFO: [ app_init ] --END-- [ RunTime:0.000000s ]
INFO: [ app_begin ] --START--
INFO: Run Behavior\ReadHtmlCacheBehavior [ RunTime:0.002000s ]
INFO: [ app_begin ] --END-- [ RunTime:0.002000s ]
SQL: SHOW COLUMNS FROM `users` [ RunTime:0.0090s ]
SQL: SELECT * FROM `users`  [ RunTime:0.0000s ]
ERR: 模板不存在:./du/Home/View/Index/data1.html.html

[ 2018-03-07T10:17:24+08:00 ] ::1 /thinkPHP/index.php/Home/Index/data1
INFO: [ app_init ] --START--
INFO: Run Behavior\BuildLiteBehavior [ RunTime:0.000000s ]
INFO: [ app_init ] --END-- [ RunTime:0.001000s ]
INFO: [ app_begin ] --START--
INFO: Run Behavior\ReadHtmlCacheBehavior [ RunTime:0.001000s ]
INFO: [ app_begin ] --END-- [ RunTime:0.002000s ]
SQL: SHOW COLUMNS FROM `users` [ RunTime:0.0130s ]
SQL: SELECT * FROM `users`  [ RunTime:0.0000s ]
ERR: 模板不存在:./du/Home/View/Index/data1.html.html

[ 2018-03-07T10:17:38+08:00 ] ::1 /thinkPHP/index.php/Home/Index/data1
INFO: [ app_init ] --START--
INFO: Run Behavior\BuildLiteBehavior [ RunTime:0.000000s ]
INFO: [ app_init ] --END-- [ RunTime:0.000000s ]
INFO: [ app_begin ] --START--
INFO: Run Behavior\ReadHtmlCacheBehavior [ RunTime:0.001000s ]
INFO: [ app_begin ] --END-- [ RunTime:0.001000s ]
SQL: SHOW COLUMNS FROM `users` [ RunTime:0.0100s ]
SQL: SELECT * FROM `users`  [ RunTime:0.0000s ]
INFO: [ view_parse ] --START--
INFO: [ template_filter ] --START--
INFO: Run Behavior\ContentReplaceBehavior [ RunTime:0.000000s ]
INFO: [ template_filter ] --END-- [ RunTime:0.000000s ]
NOTIC: [8] Use of undefined constant id - assumed 'id' D:\phpStudy\WWW\thinkPHP\du\Runtime\Cache\Home\5ad23243b14c68ef2fd601733169950e.php 第 9 行.
NOTIC: [8] Use of undefined constant name - assumed 'name' D:\phpStudy\WWW\thinkPHP\du\Runtime\Cache\Home\5ad23243b14c68ef2fd601733169950e.php 第 10 行.
NOTIC: [8] Use of undefined constant age - assumed 'age' D:\phpStudy\WWW\thinkPHP\du\Runtime\Cache\Home\5ad23243b14c68ef2fd601733169950e.php 第 11 行.
NOTIC: [8] Use of undefined constant sex - assumed 'sex' D:\phpStudy\WWW\thinkPHP\du\Runtime\Cache\Home\5ad23243b14c68ef2fd601733169950e.php 第 12 行.
NOTIC: [8] Use of undefined constant id - assumed 'id' D:\phpStudy\WWW\thinkPHP\du\Runtime\Cache\Home\5ad23243b14c68ef2fd601733169950e.php 第 9 行.
NOTIC: [8] Use of undefined constant name - assumed 'name' D:\phpStudy\WWW\thinkPHP\du\Runtime\Cache\Home\5ad23243b14c68ef2fd601733169950e.php 第 10 行.
NOTIC: [8] Use of undefined constant age - assumed 'age' D:\phpStudy\WWW\thinkPHP\du\Runtime\Cache\Home\5ad23243b14c68ef2fd601733169950e.php 第 11 行.
NOTIC: [8] Use of undefined constant sex - assumed 'sex' D:\phpStudy\WWW\thinkPHP\du\Runtime\Cache\Home\5ad23243b14c68ef2fd601733169950e.php 第 12 行.
INFO: Run Behavior\ParseTemplateBehavior [ RunTime:0.007000s ]
INFO: [ view_parse ] --END-- [ RunTime:0.007000s ]
INFO: [ view_filter ] --START--
INFO: Run Behavior\WriteHtmlCacheBehavior [ RunTime:0.001000s ]
INFO: [ view_filter ] --END-- [ RunTime:0.001000s ]
INFO: [ app_end ] --START--
INFO: Run Behavior\ShowPageTraceBehavior [ RunTime:0.000000s ]
INFO: [ app_end ] --END-- [ RunTime:0.000000s ]

[ 2018-03-07T10:17:39+08:00 ] ::1 /thinkPHP/index.php/Home/Index/data1
INFO: [ app_init ] --START--
INFO: Run Behavior\BuildLiteBehavior [ RunTime:0.000000s ]
INFO: [ app_init ] --END-- [ RunTime:0.000000s ]
INFO: [ app_begin ] --START--
INFO: Run Behavior\ReadHtmlCacheBehavior [ RunTime:0.001000s ]
INFO: [ app_begin ] --END-- [ RunTime:0.001000s ]
SQL: SHOW COLUMNS FROM `users` [ RunTime:0.0100s ]
SQL: SELECT * FROM `users`  [ RunTime:0.0000s ]
INFO: [ view_parse ] --START--
INFO: [ template_filter ] --START--
INFO: Run Behavior\ContentReplaceBehavior [ RunTime:0.000000s ]
INFO: [ template_filter ] --END-- [ RunTime:0.000000s ]
NOTIC: [8] Use of undefined constant id - assumed 'id' D:\phpStudy\WWW\thinkPHP\du\Runtime\Cache\Home\5ad23243b14c68ef2fd601733169950e.php 第 9 行.
NOTIC: [8] Use of undefined constant name - assumed 'name' D:\phpStudy\WWW\thinkPHP\du\Runtime\Cache\Home\5ad23243b14c68ef2fd601733169950e.php 第 10 行.
NOTIC: [8] Use of undefined constant age - assumed 'age' D:\phpStudy\WWW\thinkPHP\du\Runtime\Cache\Home\5ad23243b14c68ef2fd601733169950e.php 第 11 行.
NOTIC: [8] Use of undefined constant sex - assumed 'sex' D:\phpStudy\WWW\thinkPHP\du\Runtime\Cache\Home\5ad23243b14c68ef2fd601733169950e.php 第 12 行.
NOTIC: [8] Use of undefined constant id - assumed 'id' D:\phpStudy\WWW\thinkPHP\du\Runtime\Cache\Home\5ad23243b14c68ef2fd601733169950e.php 第 9 行.
NOTIC: [8] Use of undefined constant name - assumed 'name' D:\phpStudy\WWW\thinkPHP\du\Runtime\Cache\Home\5ad23243b14c68ef2fd601733169950e.php 第 10 行.
NOTIC: [8] Use of undefined constant age - assumed 'age' D:\phpStudy\WWW\thinkPHP\du\Runtime\Cache\Home\5ad23243b14c68ef2fd601733169950e.php 第 11 行.
NOTIC: [8] Use of undefined constant sex - assumed 'sex' D:\phpStudy\WWW\thinkPHP\du\Runtime\Cache\Home\5ad23243b14c68ef2fd601733169950e.php 第 12 行.
INFO: Run Behavior\ParseTemplateBehavior [ RunTime:0.007001s ]
INFO: [ view_parse ] --END-- [ RunTime:0.007001s ]
INFO: [ view_filter ] --START--
INFO: Run Behavior\WriteHtmlCacheBehavior [ RunTime:0.001000s ]
INFO: [ view_filter ] --END-- [ RunTime:0.001000s ]
INFO: [ app_end ] --START--
INFO: Run Behavior\ShowPageTraceBehavior [ RunTime:0.000000s ]
INFO: [ app_end ] --END-- [ RunTime:0.000000s ]

[ 2018-03-07T10:17:49+08:00 ] ::1 /thinkPHP/index.php/Home/Index/data1
INFO: [ app_init ] --START--
INFO: Run Behavior\BuildLiteBehavior [ RunTime:0.000000s ]
INFO: [ app_init ] --END-- [ RunTime:0.000000s ]
INFO: [ app_begin ] --START--
INFO: Run Behavior\ReadHtmlCacheBehavior [ RunTime:0.001000s ]
INFO: [ app_begin ] --END-- [ RunTime:0.001000s ]
SQL: SHOW COLUMNS FROM `users` [ RunTime:0.0110s ]
SQL: SELECT * FROM `users`  [ RunTime:0.0010s ]
ERR: 模板不存在:./du/Home/View/Index/data.html

[ 2018-03-07T10:19:52+08:00 ] ::1 /thinkPHP/index.php/Home/Index/data1
INFO: [ app_init ] --START--
INFO: Run Behavior\BuildLiteBehavior [ RunTime:0.000000s ]
INFO: [ app_init ] --END-- [ RunTime:0.000000s ]
INFO: [ app_begin ] --START--
INFO: Run Behavior\ReadHtmlCacheBehavior [ RunTime:0.001000s ]
INFO: [ app_begin ] --END-- [ RunTime:0.001000s ]
SQL: SHOW COLUMNS FROM `users` [ RunTime:0.0140s ]
SQL: SELECT * FROM `users`  [ RunTime:0.0010s ]
INFO: [ view_parse ] --START--
INFO: [ template_filter ] --START--
INFO: Run Behavior\ContentReplaceBehavior [ RunTime:0.000000s ]
INFO: [ template_filter ] --END-- [ RunTime:0.001000s ]
NOTIC: [8] Use of undefined constant id - assumed 'id' D:\phpStudy\WWW\thinkPHP\du\Runtime\Cache\Home\674c12034f576afa8a53e3817b352d97.php 第 9 行.
NOTIC: [8] Use of undefined constant name - assumed 'name' D:\phpStudy\WWW\thinkPHP\du\Runtime\Cache\Home\674c12034f576afa8a53e3817b352d97.php 第 10 行.
NOTIC: [8] Use of undefined constant age - assumed 'age' D:\phpStudy\WWW\thinkPHP\du\Runtime\Cache\Home\674c12034f576afa8a53e3817b352d97.php 第 11 行.
NOTIC: [8] Use of undefined constant sex - assumed 'sex' D:\phpStudy\WWW\thinkPHP\du\Runtime\Cache\Home\674c12034f576afa8a53e3817b352d97.php 第 12 行.
NOTIC: [8] Use of undefined constant id - assumed 'id' D:\phpStudy\WWW\thinkPHP\du\Runtime\Cache\Home\674c12034f576afa8a53e3817b352d97.php 第 9 行.
NOTIC: [8] Use of undefined constant name - assumed 'name' D:\phpStudy\WWW\thinkPHP\du\Runtime\Cache\Home\674c12034f576afa8a53e3817b352d97.php 第 10 行.
NOTIC: [8] Use of undefined constant age - assumed 'age' D:\phpStudy\WWW\thinkPHP\du\Runtime\Cache\Home\674c12034f576afa8a53e3817b352d97.php 第 11 行.
NOTIC: [8] Use of undefined constant sex - assumed 'sex' D:\phpStudy\WWW\thinkPHP\du\Runtime\Cache\Home\674c12034f576afa8a53e3817b352d97.php 第 12 行.
INFO: Run Behavior\ParseTemplateBehavior [ RunTime:0.011001s ]
INFO: [ view_parse ] --END-- [ RunTime:0.011001s ]
INFO: [ view_filter ] --START--
INFO: Run Behavior\WriteHtmlCacheBehavior [ RunTime:0.001000s ]
INFO: [ view_filter ] --END-- [ RunTime:0.001000s ]
INFO: [ app_end ] --START--
INFO: Run Behavior\ShowPageTraceBehavior [ RunTime:0.001000s ]
INFO: [ app_end ] --END-- [ RunTime:0.001000s ]

[ 2018-03-07T10:19:54+08:00 ] ::1 /thinkPHP/index.php/Home/Index/data1
INFO: [ app_init ] --START--
INFO: Run Behavior\BuildLiteBehavior [ RunTime:0.000000s ]
INFO: [ app_init ] --END-- [ RunTime:0.001000s ]
INFO: [ app_begin ] --START--
INFO: Run Behavior\ReadHtmlCacheBehavior [ RunTime:0.001000s ]
INFO: [ app_begin ] --END-- [ RunTime:0.001000s ]
SQL: SHOW COLUMNS FROM `users` [ RunTime:0.0120s ]
SQL: SELECT * FROM `users`  [ RunTime:0.0000s ]
INFO: [ view_parse ] --START--
INFO: [ template_filter ] --START--
INFO: Run Behavior\ContentReplaceBehavior [ RunTime:0.000000s ]
INFO: [ template_filter ] --END-- [ RunTime:0.000000s ]
NOTIC: [8] Use of undefined constant id - assumed 'id' D:\phpStudy\WWW\thinkPHP\du\Runtime\Cache\Home\674c12034f576afa8a53e3817b352d97.php 第 9 行.
NOTIC: [8] Use of undefined constant name - assumed 'name' D:\phpStudy\WWW\thinkPHP\du\Runtime\Cache\Home\674c12034f576afa8a53e3817b352d97.php 第 10 行.
NOTIC: [8] Use of undefined constant age - assumed 'age' D:\phpStudy\WWW\thinkPHP\du\Runtime\Cache\Home\674c12034f576afa8a53e3817b352d97.php 第 11 行.
NOTIC: [8] Use of undefined constant sex - assumed 'sex' D:\phpStudy\WWW\thinkPHP\du\Runtime\Cache\Home\674c12034f576afa8a53e3817b352d97.php 第 12 行.
NOTIC: [8] Use of undefined constant id - assumed 'id' D:\phpStudy\WWW\thinkPHP\du\Runtime\Cache\Home\674c12034f576afa8a53e3817b352d97.php 第 9 行.
NOTIC: [8] Use of undefined constant name - assumed 'name' D:\phpStudy\WWW\thinkPHP\du\Runtime\Cache\Home\674c12034f576afa8a53e3817b352d97.php 第 10 行.
NOTIC: [8] Use of undefined constant age - assumed 'age' D:\phpStudy\WWW\thinkPHP\du\Runtime\Cache\Home\674c12034f576afa8a53e3817b352d97.php 第 11 行.
NOTIC: [8] Use of undefined constant sex - assumed 'sex' D:\phpStudy\WWW\thinkPHP\du\Runtime\Cache\Home\674c12034f576afa8a53e3817b352d97.php 第 12 行.
INFO: Run Behavior\ParseTemplateBehavior [ RunTime:0.009000s ]
INFO: [ view_parse ] --END-- [ RunTime:0.009000s ]
INFO: [ view_filter ] --START--
INFO: Run Behavior\WriteHtmlCacheBehavior [ RunTime:0.000000s ]
INFO: [ view_filter ] --END-- [ RunTime:0.000000s ]
INFO: [ app_end ] --START--
INFO: Run Behavior\ShowPageTraceBehavior [ RunTime:0.001000s ]
INFO: [ app_end ] --END-- [ RunTime:0.001000s ]

[ 2018-03-07T10:20:13+08:00 ] ::1 /thinkPHP/index.php/Home/Index/data1
INFO: [ app_init ] --START--
INFO: Run Behavior\BuildLiteBehavior [ RunTime:0.000000s ]
INFO: [ app_init ] --END-- [ RunTime:0.000000s ]
INFO: [ app_begin ] --START--
INFO: Run Behavior\ReadHtmlCacheBehavior [ RunTime:0.001000s ]
INFO: [ app_begin ] --END-- [ RunTime:0.001000s ]
SQL: SHOW COLUMNS FROM `users` [ RunTime:0.0110s ]
SQL: SELECT * FROM `users`  [ RunTime:0.0000s ]
INFO: [ view_parse ] --START--
INFO: [ template_filter ] --START--
INFO: Run Behavior\ContentReplaceBehavior [ RunTime:0.000000s ]
INFO: [ template_filter ] --END-- [ RunTime:0.000000s ]
NOTIC: [8] Use of undefined constant id - assumed 'id' D:\phpStudy\WWW\thinkPHP\du\Runtime\Cache\Home\674c12034f576afa8a53e3817b352d97.php 第 9 行.
NOTIC: [8] Use of undefined constant name - assumed 'name' D:\phpStudy\WWW\thinkPHP\du\Runtime\Cache\Home\674c12034f576afa8a53e3817b352d97.php 第 10 行.
NOTIC: [8] Use of undefined constant age - assumed 'age' D:\phpStudy\WWW\thinkPHP\du\Runtime\Cache\Home\674c12034f576afa8a53e3817b352d97.php 第 11 行.
NOTIC: [8] Use of undefined constant sex - assumed 'sex' D:\phpStudy\WWW\thinkPHP\du\Runtime\Cache\Home\674c12034f576afa8a53e3817b352d97.php 第 12 行.
NOTIC: [8] Use of undefined constant id - assumed 'id' D:\phpStudy\WWW\thinkPHP\du\Runtime\Cache\Home\674c12034f576afa8a53e3817b352d97.php 第 9 行.
NOTIC: [8] Use of undefined constant name - assumed 'name' D:\phpStudy\WWW\thinkPHP\du\Runtime\Cache\Home\674c12034f576afa8a53e3817b352d97.php 第 10 行.
NOTIC: [8] Use of undefined constant age - assumed 'age' D:\phpStudy\WWW\thinkPHP\du\Runtime\Cache\Home\674c12034f576afa8a53e3817b352d97.php 第 11 行.
NOTIC: [8] Use of undefined constant sex - assumed 'sex' D:\phpStudy\WWW\thinkPHP\du\Runtime\Cache\Home\674c12034f576afa8a53e3817b352d97.php 第 12 行.
INFO: Run Behavior\ParseTemplateBehavior [ RunTime:0.007000s ]
INFO: [ view_parse ] --END-- [ RunTime:0.007000s ]
INFO: [ view_filter ] --START--
INFO: Run Behavior\WriteHtmlCacheBehavior [ RunTime:0.001000s ]
INFO: [ view_filter ] --END-- [ RunTime:0.001000s ]
INFO: [ app_end ] --START--
INFO: Run Behavior\ShowPageTraceBehavior [ RunTime:0.001000s ]
INFO: [ app_end ] --END-- [ RunTime:0.001000s ]

[ 2018-03-07T10:20:14+08:00 ] ::1 /thinkPHP/index.php/Home/Index/data1
INFO: [ app_init ] --START--
INFO: Run Behavior\BuildLiteBehavior [ RunTime:0.000000s ]
INFO: [ app_init ] --END-- [ RunTime:0.001000s ]
INFO: [ app_begin ] --START--
INFO: Run Behavior\ReadHtmlCacheBehavior [ RunTime:0.002000s ]
INFO: [ app_begin ] --END-- [ RunTime:0.002000s ]
SQL: SHOW COLUMNS FROM `users` [ RunTime:0.0150s ]
SQL: SELECT * FROM `users`  [ RunTime:0.0000s ]
INFO: [ view_parse ] --START--
INFO: [ template_filter ] --START--
INFO: Run Behavior\ContentReplaceBehavior [ RunTime:0.000000s ]
INFO: [ template_filter ] --END-- [ RunTime:0.000000s ]
NOTIC: [8] Use of undefined constant id - assumed 'id' D:\phpStudy\WWW\thinkPHP\du\Runtime\Cache\Home\674c12034f576afa8a53e3817b352d97.php 第 9 行.
NOTIC: [8] Use of undefined constant name - assumed 'name' D:\phpStudy\WWW\thinkPHP\du\Runtime\Cache\Home\674c12034f576afa8a53e3817b352d97.php 第 10 行.
NOTIC: [8] Use of undefined constant age - assumed 'age' D:\phpStudy\WWW\thinkPHP\du\Runtime\Cache\Home\674c12034f576afa8a53e3817b352d97.php 第 11 行.
NOTIC: [8] Use of undefined constant sex - assumed 'sex' D:\phpStudy\WWW\thinkPHP\du\Runtime\Cache\Home\674c12034f576afa8a53e3817b352d97.php 第 12 行.
NOTIC: [8] Use of undefined constant id - assumed 'id' D:\phpStudy\WWW\thinkPHP\du\Runtime\Cache\Home\674c12034f576afa8a53e3817b352d97.php 第 9 行.
NOTIC: [8] Use of undefined constant name - assumed 'name' D:\phpStudy\WWW\thinkPHP\du\Runtime\Cache\Home\674c12034f576afa8a53e3817b352d97.php 第 10 行.
NOTIC: [8] Use of undefined constant age - assumed 'age' D:\phpStudy\WWW\thinkPHP\du\Runtime\Cache\Home\674c12034f576afa8a53e3817b352d97.php 第 11 行.
NOTIC: [8] Use of undefined constant sex - assumed 'sex' D:\phpStudy\WWW\thinkPHP\du\Runtime\Cache\Home\674c12034f576afa8a53e3817b352d97.php 第 12 行.
INFO: Run Behavior\ParseTemplateBehavior [ RunTime:0.010000s ]
INFO: [ view_parse ] --END-- [ RunTime:0.010000s ]
INFO: [ view_filter ] --START--
INFO: Run Behavior\WriteHtmlCacheBehavior [ RunTime:0.001001s ]
INFO: [ view_filter ] --END-- [ RunTime:0.001001s ]
INFO: [ app_end ] --START--
INFO: Run Behavior\ShowPageTraceBehavior [ RunTime:0.001000s ]
INFO: [ app_end ] --END-- [ RunTime:0.001000s ]

[ 2018-03-07T10:20:14+08:00 ] ::1 /thinkPHP/index.php/Home/Index/data1
INFO: [ app_init ] --START--
INFO: Run Behavior\BuildLiteBehavior [ RunTime:0.000000s ]
INFO: [ app_init ] --END-- [ RunTime:0.001000s ]
INFO: [ app_begin ] --START--
INFO: Run Behavior\ReadHtmlCacheBehavior [ RunTime:0.001000s ]
INFO: [ app_begin ] --END-- [ RunTime:0.001000s ]
SQL: SHOW COLUMNS FROM `users` [ RunTime:0.0100s ]
SQL: SELECT * FROM `users`  [ RunTime:0.0010s ]
INFO: [ view_parse ] --START--
INFO: [ template_filter ] --START--
INFO: Run Behavior\ContentReplaceBehavior [ RunTime:0.000000s ]
INFO: [ template_filter ] --END-- [ RunTime:0.000000s ]
NOTIC: [8] Use of undefined constant id - assumed 'id' D:\phpStudy\WWW\thinkPHP\du\Runtime\Cache\Home\674c12034f576afa8a53e3817b352d97.php 第 9 行.
NOTIC: [8] Use of undefined constant name - assumed 'name' D:\phpStudy\WWW\thinkPHP\du\Runtime\Cache\Home\674c12034f576afa8a53e3817b352d97.php 第 10 行.
NOTIC: [8] Use of undefined constant age - assumed 'age' D:\phpStudy\WWW\thinkPHP\du\Runtime\Cache\Home\674c12034f576afa8a53e3817b352d97.php 第 11 行.
NOTIC: [8] Use of undefined constant sex - assumed 'sex' D:\phpStudy\WWW\thinkPHP\du\Runtime\Cache\Home\674c12034f576afa8a53e3817b352d97.php 第 12 行.
NOTIC: [8] Use of undefined constant id - assumed 'id' D:\phpStudy\WWW\thinkPHP\du\Runtime\Cache\Home\674c12034f576afa8a53e3817b352d97.php 第 9 行.
NOTIC: [8] Use of undefined constant name - assumed 'name' D:\phpStudy\WWW\thinkPHP\du\Runtime\Cache\Home\674c12034f576afa8a53e3817b352d97.php 第 10 行.
NOTIC: [8] Use of undefined constant age - assumed 'age' D:\phpStudy\WWW\thinkPHP\du\Runtime\Cache\Home\674c12034f576afa8a53e3817b352d97.php 第 11 行.
NOTIC: [8] Use of undefined constant sex - assumed 'sex' D:\phpStudy\WWW\thinkPHP\du\Runtime\Cache\Home\674c12034f576afa8a53e3817b352d97.php 第 12 行.
INFO: Run Behavior\ParseTemplateBehavior [ RunTime:0.007000s ]
INFO: [ view_parse ] --END-- [ RunTime:0.007000s ]
INFO: [ view_filter ] --START--
INFO: Run Behavior\WriteHtmlCacheBehavior [ RunTime:0.001000s ]
INFO: [ view_filter ] --END-- [ RunTime:0.001000s ]
INFO: [ app_end ] --START--
INFO: Run Behavior\ShowPageTraceBehavior [ RunTime:0.001000s ]
INFO: [ app_end ] --END-- [ RunTime:0.001000s ]

[ 2018-03-07T10:25:16+08:00 ] ::1 /thinkPHP/index.php/Home/Index/data1
INFO: [ app_init ] --START--
INFO: Run Behavior\BuildLiteBehavior [ RunTime:0.000000s ]
INFO: [ app_init ] --END-- [ RunTime:0.000000s ]
INFO: [ app_begin ] --START--
INFO: Run Behavior\ReadHtmlCacheBehavior [ RunTime:0.001000s ]
INFO: [ app_begin ] --END-- [ RunTime:0.001000s ]
SQL: SHOW COLUMNS FROM `users` [ RunTime:0.0090s ]
SQL: SELECT * FROM `users`  [ RunTime:0.0010s ]
INFO: [ view_parse ] --START--
INFO: [ template_filter ] --START--
INFO: Run Behavior\ContentReplaceBehavior [ RunTime:0.000000s ]
INFO: [ template_filter ] --END-- [ RunTime:0.000000s ]
NOTIC: [8] Use of undefined constant id - assumed 'id' D:\phpStudy\WWW\thinkPHP\du\Runtime\Cache\Home\674c12034f576afa8a53e3817b352d97.php 第 9 行.
NOTIC: [8] Use of undefined constant name - assumed 'name' D:\phpStudy\WWW\thinkPHP\du\Runtime\Cache\Home\674c12034f576afa8a53e3817b352d97.php 第 10 行.
NOTIC: [8] Use of undefined constant age - assumed 'age' D:\phpStudy\WWW\thinkPHP\du\Runtime\Cache\Home\674c12034f576afa8a53e3817b352d97.php 第 11 行.
NOTIC: [8] Use of undefined constant sex - assumed 'sex' D:\phpStudy\WWW\thinkPHP\du\Runtime\Cache\Home\674c12034f576afa8a53e3817b352d97.php 第 12 行.
NOTIC: [8] Use of undefined constant id - assumed 'id' D:\phpStudy\WWW\thinkPHP\du\Runtime\Cache\Home\674c12034f576afa8a53e3817b352d97.php 第 9 行.
NOTIC: [8] Use of undefined constant name - assumed 'name' D:\phpStudy\WWW\thinkPHP\du\Runtime\Cache\Home\674c12034f576afa8a53e3817b352d97.php 第 10 行.
NOTIC: [8] Use of undefined constant age - assumed 'age' D:\phpStudy\WWW\thinkPHP\du\Runtime\Cache\Home\674c12034f576afa8a53e3817b352d97.php 第 11 行.
NOTIC: [8] Use of undefined constant sex - assumed 'sex' D:\phpStudy\WWW\thinkPHP\du\Runtime\Cache\Home\674c12034f576afa8a53e3817b352d97.php 第 12 行.
INFO: Run Behavior\ParseTemplateBehavior [ RunTime:0.007001s ]
INFO: [ view_parse ] --END-- [ RunTime:0.007001s ]
INFO: [ view_filter ] --START--
INFO: Run Behavior\WriteHtmlCacheBehavior [ RunTime:0.001000s ]
INFO: [ view_filter ] --END-- [ RunTime:0.001000s ]
INFO: [ app_end ] --START--
INFO: Run Behavior\ShowPageTraceBehavior [ RunTime:0.001000s ]
INFO: [ app_end ] --END-- [ RunTime:0.001000s ]

[ 2018-03-07T10:25:16+08:00 ] ::1 /thinkPHP/index.php/Home/Index/data1
INFO: [ app_init ] --START--
INFO: Run Behavior\BuildLiteBehavior [ RunTime:0.000000s ]
INFO: [ app_init ] --END-- [ RunTime:0.001000s ]
INFO: [ app_begin ] --START--
INFO: Run Behavior\ReadHtmlCacheBehavior [ RunTime:0.002000s ]
INFO: [ app_begin ] --END-- [ RunTime:0.002000s ]
SQL: SHOW COLUMNS FROM `users` [ RunTime:0.0110s ]
SQL: SELECT * FROM `users`  [ RunTime:0.0010s ]
INFO: [ view_parse ] --START--
INFO: [ template_filter ] --START--
INFO: Run Behavior\ContentReplaceBehavior [ RunTime:0.000000s ]
INFO: [ template_filter ] --END-- [ RunTime:0.000000s ]
NOTIC: [8] Use of undefined constant id - assumed 'id' D:\phpStudy\WWW\thinkPHP\du\Runtime\Cache\Home\674c12034f576afa8a53e3817b352d97.php 第 9 行.
NOTIC: [8] Use of undefined constant name - assumed 'name' D:\phpStudy\WWW\thinkPHP\du\Runtime\Cache\Home\674c12034f576afa8a53e3817b352d97.php 第 10 行.
NOTIC: [8] Use of undefined constant age - assumed 'age' D:\phpStudy\WWW\thinkPHP\du\Runtime\Cache\Home\674c12034f576afa8a53e3817b352d97.php 第 11 行.
NOTIC: [8] Use of undefined constant sex - assumed 'sex' D:\phpStudy\WWW\thinkPHP\du\Runtime\Cache\Home\674c12034f576afa8a53e3817b352d97.php 第 12 行.
NOTIC: [8] Use of undefined constant id - assumed 'id' D:\phpStudy\WWW\thinkPHP\du\Runtime\Cache\Home\674c12034f576afa8a53e3817b352d97.php 第 9 行.
NOTIC: [8] Use of undefined constant name - assumed 'name' D:\phpStudy\WWW\thinkPHP\du\Runtime\Cache\Home\674c12034f576afa8a53e3817b352d97.php 第 10 行.
NOTIC: [8] Use of undefined constant age - assumed 'age' D:\phpStudy\WWW\thinkPHP\du\Runtime\Cache\Home\674c12034f576afa8a53e3817b352d97.php 第 11 行.
NOTIC: [8] Use of undefined constant sex - assumed 'sex' D:\phpStudy\WWW\thinkPHP\du\Runtime\Cache\Home\674c12034f576afa8a53e3817b352d97.php 第 12 行.
INFO: Run Behavior\ParseTemplateBehavior [ RunTime:0.009000s ]
INFO: [ view_parse ] --END-- [ RunTime:0.009000s ]
INFO: [ view_filter ] --START--
INFO: Run Behavior\WriteHtmlCacheBehavior [ RunTime:0.000000s ]
INFO: [ view_filter ] --END-- [ RunTime:0.000000s ]
INFO: [ app_end ] --START--
INFO: Run Behavior\ShowPageTraceBehavior [ RunTime:0.000000s ]
INFO: [ app_end ] --END-- [ RunTime:0.000000s ]

[ 2018-03-07T10:28:32+08:00 ] ::1 /thinkPHP/index.php/Home/View/Index/data.html
INFO: [ app_init ] --START--
INFO: Run Behavior\BuildLiteBehavior [ RunTime:0.000000s ]
INFO: [ app_init ] --END-- [ RunTime:0.001000s ]
INFO: [ app_begin ] --START--
INFO: Run Behavior\ReadHtmlCacheBehavior [ RunTime:0.001001s ]
INFO: [ app_begin ] --END-- [ RunTime:0.001001s ]
ERR: 无法加载控制器:View

[ 2018-03-07T12:49:01+08:00 ] ::1 /thinkPHP/index.php/Home/Index/read
INFO: [ app_init ] --START--
INFO: Run Behavior\BuildLiteBehavior [ RunTime:0.000000s ]
INFO: [ app_init ] --END-- [ RunTime:0.000000s ]
INFO: [ app_begin ] --START--
INFO: Run Behavior\ReadHtmlCacheBehavior [ RunTime:0.001000s ]
INFO: [ app_begin ] --END-- [ RunTime:0.001000s ]

[ 2018-03-07T12:49:16+08:00 ] ::1 /thinkPHP/index.php/Home/Index/read
INFO: [ app_init ] --START--
INFO: Run Behavior\BuildLiteBehavior [ RunTime:0.000000s ]
INFO: [ app_init ] --END-- [ RunTime:0.000000s ]
INFO: [ app_begin ] --START--
INFO: Run Behavior\ReadHtmlCacheBehavior [ RunTime:0.001000s ]
INFO: [ app_begin ] --END-- [ RunTime:0.001000s ]
INFO: [ app_end ] --START--
INFO: Run Behavior\ShowPageTraceBehavior [ RunTime:0.001000s ]
INFO: [ app_end ] --END-- [ RunTime:0.001000s ]

