[ 2018-03-09T09:27:21+08:00 ] ::1 /thinkPHP/index.php/Home/Index/data1
INFO: [ app_init ] --START--
INFO: Run Behavior\BuildLiteBehavior [ RunTime:0.000000s ]
INFO: [ app_init ] --END-- [ RunTime:0.006001s ]
INFO: [ app_begin ] --START--
INFO: Run Behavior\ReadHtmlCacheBehavior [ RunTime:0.005000s ]
INFO: [ app_begin ] --END-- [ RunTime:0.005000s ]
SQL: SHOW COLUMNS FROM `users` [ RunTime:0.0140s ]
SQL: SELECT * FROM `users`  [ RunTime:0.0010s ]
INFO: [ view_parse ] --START--
INFO: [ template_filter ] --START--
INFO: Run Behavior\ContentReplaceBehavior [ RunTime:0.000000s ]
INFO: [ template_filter ] --END-- [ RunTime:0.000000s ]
NOTIC: [8] Use of undefined constant id - assumed 'id' D:\phpStudy\WWW\thinkPHP\du\Runtime\Cache\Home\5ad23243b14c68ef2fd601733169950e.php 第 9 行.
NOTIC: [8] Use of undefined constant name - assumed 'name' D:\phpStudy\WWW\thinkPHP\du\Runtime\Cache\Home\5ad23243b14c68ef2fd601733169950e.php 第 10 行.
NOTIC: [8] Use of undefined constant age - assumed 'age' D:\phpStudy\WWW\thinkPHP\du\Runtime\Cache\Home\5ad23243b14c68ef2fd601733169950e.php 第 11 行.
NOTIC: [8] Use of undefined constant sex - assumed 'sex' D:\phpStudy\WWW\thinkPHP\du\Runtime\Cache\Home\5ad23243b14c68ef2fd601733169950e.php 第 12 行.
NOTIC: [8] Use of undefined constant id - assumed 'id' D:\phpStudy\WWW\thinkPHP\du\Runtime\Cache\Home\5ad23243b14c68ef2fd601733169950e.php 第 9 行.
NOTIC: [8] Use of undefined constant name - assumed 'name' D:\phpStudy\WWW\thinkPHP\du\Runtime\Cache\Home\5ad23243b14c68ef2fd601733169950e.php 第 10 行.
NOTIC: [8] Use of undefined constant age - assumed 'age' D:\phpStudy\WWW\thinkPHP\du\Runtime\Cache\Home\5ad23243b14c68ef2fd601733169950e.php 第 11 行.
NOTIC: [8] Use of undefined constant sex - assumed 'sex' D:\phpStudy\WWW\thinkPHP\du\Runtime\Cache\Home\5ad23243b14c68ef2fd601733169950e.php 第 12 行.
NOTIC: [8] Use of undefined constant id - assumed 'id' D:\phpStudy\WWW\thinkPHP\du\Runtime\Cache\Home\5ad23243b14c68ef2fd601733169950e.php 第 9 行.
NOTIC: [8] Use of undefined constant name - assumed 'name' D:\phpStudy\WWW\thinkPHP\du\Runtime\Cache\Home\5ad23243b14c68ef2fd601733169950e.php 第 10 行.
NOTIC: [8] Use of undefined constant age - assumed 'age' D:\phpStudy\WWW\thinkPHP\du\Runtime\Cache\Home\5ad23243b14c68ef2fd601733169950e.php 第 11 行.
NOTIC: [8] Use of undefined constant sex - assumed 'sex' D:\phpStudy\WWW\thinkPHP\du\Runtime\Cache\Home\5ad23243b14c68ef2fd601733169950e.php 第 12 行.
NOTIC: [8] Use of undefined constant id - assumed 'id' D:\phpStudy\WWW\thinkPHP\du\Runtime\Cache\Home\5ad23243b14c68ef2fd601733169950e.php 第 9 行.
NOTIC: [8] Use of undefined constant name - assumed 'name' D:\phpStudy\WWW\thinkPHP\du\Runtime\Cache\Home\5ad23243b14c68ef2fd601733169950e.php 第 10 行.
NOTIC: [8] Use of undefined constant age - assumed 'age' D:\phpStudy\WWW\thinkPHP\du\Runtime\Cache\Home\5ad23243b14c68ef2fd601733169950e.php 第 11 行.
NOTIC: [8] Use of undefined constant sex - assumed 'sex' D:\phpStudy\WWW\thinkPHP\du\Runtime\Cache\Home\5ad23243b14c68ef2fd601733169950e.php 第 12 行.
NOTIC: [8] Use of undefined constant id - assumed 'id' D:\phpStudy\WWW\thinkPHP\du\Runtime\Cache\Home\5ad23243b14c68ef2fd601733169950e.php 第 9 行.
NOTIC: [8] Use of undefined constant name - assumed 'name' D:\phpStudy\WWW\thinkPHP\du\Runtime\Cache\Home\5ad23243b14c68ef2fd601733169950e.php 第 10 行.
NOTIC: [8] Use of undefined constant age - assumed 'age' D:\phpStudy\WWW\thinkPHP\du\Runtime\Cache\Home\5ad23243b14c68ef2fd601733169950e.php 第 11 行.
NOTIC: [8] Use of undefined constant sex - assumed 'sex' D:\phpStudy\WWW\thinkPHP\du\Runtime\Cache\Home\5ad23243b14c68ef2fd601733169950e.php 第 12 行.
INFO: Run Behavior\ParseTemplateBehavior [ RunTime:0.053003s ]
INFO: [ view_parse ] --END-- [ RunTime:0.053003s ]
INFO: [ view_filter ] --START--
INFO: Run Behavior\WriteHtmlCacheBehavior [ RunTime:0.016001s ]
INFO: [ view_filter ] --END-- [ RunTime:0.016001s ]
INFO: [ app_end ] --START--
INFO: Run Behavior\ShowPageTraceBehavior [ RunTime:0.010001s ]
INFO: [ app_end ] --END-- [ RunTime:0.010001s ]

[ 2018-03-09T09:27:42+08:00 ] ::1 /thinkPHP/index.php/Home/Data/index
INFO: [ app_init ] --START--
INFO: Run Behavior\BuildLiteBehavior [ RunTime:0.000000s ]
INFO: [ app_init ] --END-- [ RunTime:0.001000s ]
INFO: [ app_begin ] --START--
INFO: Run Behavior\ReadHtmlCacheBehavior [ RunTime:0.001000s ]
INFO: [ app_begin ] --END-- [ RunTime:0.002000s ]
SQL: SHOW COLUMNS FROM `users` [ RunTime:0.0300s ]
SQL: SELECT * FROM `users`  [ RunTime:0.0010s ]
INFO: [ view_parse ] --START--
INFO: [ template_filter ] --START--
INFO: Run Behavior\ContentReplaceBehavior [ RunTime:0.000000s ]
INFO: [ template_filter ] --END-- [ RunTime:0.000000s ]
NOTIC: [8] Use of undefined constant id - assumed 'id' D:\phpStudy\WWW\thinkPHP\du\Runtime\Cache\Home\f23ca8bfa3bd38fd59ee07ce7ba12bf0.php 第 15 行.
NOTIC: [8] Use of undefined constant name - assumed 'name' D:\phpStudy\WWW\thinkPHP\du\Runtime\Cache\Home\f23ca8bfa3bd38fd59ee07ce7ba12bf0.php 第 16 行.
NOTIC: [8] Use of undefined constant id - assumed 'id' D:\phpStudy\WWW\thinkPHP\du\Runtime\Cache\Home\f23ca8bfa3bd38fd59ee07ce7ba12bf0.php 第 17 行.
NOTIC: [8] Use of undefined constant id - assumed 'id' D:\phpStudy\WWW\thinkPHP\du\Runtime\Cache\Home\f23ca8bfa3bd38fd59ee07ce7ba12bf0.php 第 18 行.
NOTIC: [8] Use of undefined constant id - assumed 'id' D:\phpStudy\WWW\thinkPHP\du\Runtime\Cache\Home\f23ca8bfa3bd38fd59ee07ce7ba12bf0.php 第 15 行.
NOTIC: [8] Use of undefined constant name - assumed 'name' D:\phpStudy\WWW\thinkPHP\du\Runtime\Cache\Home\f23ca8bfa3bd38fd59ee07ce7ba12bf0.php 第 16 行.
NOTIC: [8] Use of undefined constant id - assumed 'id' D:\phpStudy\WWW\thinkPHP\du\Runtime\Cache\Home\f23ca8bfa3bd38fd59ee07ce7ba12bf0.php 第 17 行.
NOTIC: [8] Use of undefined constant id - assumed 'id' D:\phpStudy\WWW\thinkPHP\du\Runtime\Cache\Home\f23ca8bfa3bd38fd59ee07ce7ba12bf0.php 第 18 行.
NOTIC: [8] Use of undefined constant id - assumed 'id' D:\phpStudy\WWW\thinkPHP\du\Runtime\Cache\Home\f23ca8bfa3bd38fd59ee07ce7ba12bf0.php 第 15 行.
NOTIC: [8] Use of undefined constant name - assumed 'name' D:\phpStudy\WWW\thinkPHP\du\Runtime\Cache\Home\f23ca8bfa3bd38fd59ee07ce7ba12bf0.php 第 16 行.
NOTIC: [8] Use of undefined constant id - assumed 'id' D:\phpStudy\WWW\thinkPHP\du\Runtime\Cache\Home\f23ca8bfa3bd38fd59ee07ce7ba12bf0.php 第 17 行.
NOTIC: [8] Use of undefined constant id - assumed 'id' D:\phpStudy\WWW\thinkPHP\du\Runtime\Cache\Home\f23ca8bfa3bd38fd59ee07ce7ba12bf0.php 第 18 行.
NOTIC: [8] Use of undefined constant id - assumed 'id' D:\phpStudy\WWW\thinkPHP\du\Runtime\Cache\Home\f23ca8bfa3bd38fd59ee07ce7ba12bf0.php 第 15 行.
NOTIC: [8] Use of undefined constant name - assumed 'name' D:\phpStudy\WWW\thinkPHP\du\Runtime\Cache\Home\f23ca8bfa3bd38fd59ee07ce7ba12bf0.php 第 16 行.
NOTIC: [8] Use of undefined constant id - assumed 'id' D:\phpStudy\WWW\thinkPHP\du\Runtime\Cache\Home\f23ca8bfa3bd38fd59ee07ce7ba12bf0.php 第 17 行.
NOTIC: [8] Use of undefined constant id - assumed 'id' D:\phpStudy\WWW\thinkPHP\du\Runtime\Cache\Home\f23ca8bfa3bd38fd59ee07ce7ba12bf0.php 第 18 行.
NOTIC: [8] Use of undefined constant id - assumed 'id' D:\phpStudy\WWW\thinkPHP\du\Runtime\Cache\Home\f23ca8bfa3bd38fd59ee07ce7ba12bf0.php 第 15 行.
NOTIC: [8] Use of undefined constant name - assumed 'name' D:\phpStudy\WWW\thinkPHP\du\Runtime\Cache\Home\f23ca8bfa3bd38fd59ee07ce7ba12bf0.php 第 16 行.
NOTIC: [8] Use of undefined constant id - assumed 'id' D:\phpStudy\WWW\thinkPHP\du\Runtime\Cache\Home\f23ca8bfa3bd38fd59ee07ce7ba12bf0.php 第 17 行.
NOTIC: [8] Use of undefined constant id - assumed 'id' D:\phpStudy\WWW\thinkPHP\du\Runtime\Cache\Home\f23ca8bfa3bd38fd59ee07ce7ba12bf0.php 第 18 行.
INFO: Run Behavior\ParseTemplateBehavior [ RunTime:0.025002s ]
INFO: [ view_parse ] --END-- [ RunTime:0.025002s ]
INFO: [ view_filter ] --START--
INFO: Run Behavior\WriteHtmlCacheBehavior [ RunTime:0.001000s ]
INFO: [ view_filter ] --END-- [ RunTime:0.001000s ]
INFO: [ app_end ] --START--
INFO: Run Behavior\ShowPageTraceBehavior [ RunTime:0.001000s ]
INFO: [ app_end ] --END-- [ RunTime:0.001000s ]

[ 2018-03-09T09:27:44+08:00 ] ::1 /thinkPHP/index.php/Home/Data/ajax_del.html
INFO: [ app_init ] --START--
INFO: Run Behavior\BuildLiteBehavior [ RunTime:0.000000s ]
INFO: [ app_init ] --END-- [ RunTime:0.001000s ]
INFO: [ app_begin ] --START--
INFO: Run Behavior\ReadHtmlCacheBehavior [ RunTime:0.001000s ]
INFO: [ app_begin ] --END-- [ RunTime:0.001000s ]
SQL: SHOW COLUMNS FROM `users` [ RunTime:0.0170s ]
SQL: DELETE FROM `users` WHERE `id` = 11 [ RunTime:0.0010s ]
INFO: [ app_end ] --START--
INFO: Run Behavior\ShowPageTraceBehavior [ RunTime:0.001000s ]
INFO: [ app_end ] --END-- [ RunTime:0.001000s ]

[ 2018-03-09T09:27:47+08:00 ] ::1 /thinkPHP/index.php/Home/Data/ajax_del.html
INFO: [ app_init ] --START--
INFO: Run Behavior\BuildLiteBehavior [ RunTime:0.000000s ]
INFO: [ app_init ] --END-- [ RunTime:0.001000s ]
INFO: [ app_begin ] --START--
INFO: Run Behavior\ReadHtmlCacheBehavior [ RunTime:0.001000s ]
INFO: [ app_begin ] --END-- [ RunTime:0.001000s ]
SQL: SHOW COLUMNS FROM `users` [ RunTime:0.0150s ]
SQL: DELETE FROM `users` WHERE `id` = 12 [ RunTime:0.0010s ]
INFO: [ app_end ] --START--
INFO: Run Behavior\ShowPageTraceBehavior [ RunTime:0.000000s ]
INFO: [ app_end ] --END-- [ RunTime:0.000000s ]

[ 2018-03-09T09:51:58+08:00 ] ::1 /thinkPHP/index.php/Home/Data/index
INFO: [ app_init ] --START--
INFO: Run Behavior\BuildLiteBehavior [ RunTime:0.000000s ]
INFO: [ app_init ] --END-- [ RunTime:0.001000s ]
INFO: [ app_begin ] --START--
INFO: Run Behavior\ReadHtmlCacheBehavior [ RunTime:0.000000s ]
INFO: [ app_begin ] --END-- [ RunTime:0.000000s ]

[ 2018-03-09T09:52:27+08:00 ] ::1 /thinkPHP/index.php/Home/Data/index
INFO: [ app_init ] --START--
INFO: Run Behavior\BuildLiteBehavior [ RunTime:0.000000s ]
INFO: [ app_init ] --END-- [ RunTime:0.001001s ]
INFO: [ app_begin ] --START--
INFO: Run Behavior\ReadHtmlCacheBehavior [ RunTime:0.000000s ]
INFO: [ app_begin ] --END-- [ RunTime:0.000000s ]

[ 2018-03-09T09:52:28+08:00 ] ::1 /thinkPHP/index.php/Home/Data/index
INFO: [ app_init ] --START--
INFO: Run Behavior\BuildLiteBehavior [ RunTime:0.000000s ]
INFO: [ app_init ] --END-- [ RunTime:0.001000s ]
INFO: [ app_begin ] --START--
INFO: Run Behavior\ReadHtmlCacheBehavior [ RunTime:0.001000s ]
INFO: [ app_begin ] --END-- [ RunTime:0.001000s ]

[ 2018-03-09T09:52:28+08:00 ] ::1 /thinkPHP/index.php/Home/Data/index
INFO: [ app_init ] --START--
INFO: Run Behavior\BuildLiteBehavior [ RunTime:0.000000s ]
INFO: [ app_init ] --END-- [ RunTime:0.001000s ]
INFO: [ app_begin ] --START--
INFO: Run Behavior\ReadHtmlCacheBehavior [ RunTime:0.001000s ]
INFO: [ app_begin ] --END-- [ RunTime:0.001000s ]

[ 2018-03-09T09:53:15+08:00 ] ::1 /thinkPHP/index.php/Home/Data/index
INFO: [ app_init ] --START--
INFO: Run Behavior\BuildLiteBehavior [ RunTime:0.000000s ]
INFO: [ app_init ] --END-- [ RunTime:0.000000s ]
INFO: [ app_begin ] --START--
INFO: Run Behavior\ReadHtmlCacheBehavior [ RunTime:0.000000s ]
INFO: [ app_begin ] --END-- [ RunTime:0.001000s ]

[ 2018-03-09T09:53:16+08:00 ] ::1 /thinkPHP/index.php/Home/Data/index
INFO: [ app_init ] --START--
INFO: Run Behavior\BuildLiteBehavior [ RunTime:0.000000s ]
INFO: [ app_init ] --END-- [ RunTime:0.001000s ]
INFO: [ app_begin ] --START--
INFO: Run Behavior\ReadHtmlCacheBehavior [ RunTime:0.001000s ]
INFO: [ app_begin ] --END-- [ RunTime:0.001000s ]

[ 2018-03-09T09:53:16+08:00 ] ::1 /thinkPHP/index.php/Home/Data/index
INFO: [ app_init ] --START--
INFO: Run Behavior\BuildLiteBehavior [ RunTime:0.000000s ]
INFO: [ app_init ] --END-- [ RunTime:0.000000s ]
INFO: [ app_begin ] --START--
INFO: Run Behavior\ReadHtmlCacheBehavior [ RunTime:0.000000s ]
INFO: [ app_begin ] --END-- [ RunTime:0.002000s ]

[ 2018-03-09T09:53:16+08:00 ] ::1 /thinkPHP/index.php/Home/Data/index
INFO: [ app_init ] --START--
INFO: Run Behavior\BuildLiteBehavior [ RunTime:0.000000s ]
INFO: [ app_init ] --END-- [ RunTime:0.000000s ]
INFO: [ app_begin ] --START--
INFO: Run Behavior\ReadHtmlCacheBehavior [ RunTime:0.000000s ]
INFO: [ app_begin ] --END-- [ RunTime:0.000000s ]

[ 2018-03-09T09:53:16+08:00 ] ::1 /thinkPHP/index.php/Home/Data/index
INFO: [ app_init ] --START--
INFO: Run Behavior\BuildLiteBehavior [ RunTime:0.000000s ]
INFO: [ app_init ] --END-- [ RunTime:0.001000s ]
INFO: [ app_begin ] --START--
INFO: Run Behavior\ReadHtmlCacheBehavior [ RunTime:0.001000s ]
INFO: [ app_begin ] --END-- [ RunTime:0.001000s ]

[ 2018-03-09T09:53:18+08:00 ] ::1 /thinkPHP/index.php/Home/Data/index
INFO: [ app_init ] --START--
INFO: Run Behavior\BuildLiteBehavior [ RunTime:0.000000s ]
INFO: [ app_init ] --END-- [ RunTime:0.000000s ]
INFO: [ app_begin ] --START--
INFO: Run Behavior\ReadHtmlCacheBehavior [ RunTime:0.001000s ]
INFO: [ app_begin ] --END-- [ RunTime:0.001000s ]

[ 2018-03-09T09:53:18+08:00 ] ::1 /thinkPHP/index.php/Home/Data/index
INFO: [ app_init ] --START--
INFO: Run Behavior\BuildLiteBehavior [ RunTime:0.000000s ]
INFO: [ app_init ] --END-- [ RunTime:0.001000s ]
INFO: [ app_begin ] --START--
INFO: Run Behavior\ReadHtmlCacheBehavior [ RunTime:0.001000s ]
INFO: [ app_begin ] --END-- [ RunTime:0.001000s ]

[ 2018-03-09T09:53:18+08:00 ] ::1 /thinkPHP/index.php/Home/Data/index
INFO: [ app_init ] --START--
INFO: Run Behavior\BuildLiteBehavior [ RunTime:0.000000s ]
INFO: [ app_init ] --END-- [ RunTime:0.001000s ]
INFO: [ app_begin ] --START--
INFO: Run Behavior\ReadHtmlCacheBehavior [ RunTime:0.002001s ]
INFO: [ app_begin ] --END-- [ RunTime:0.002001s ]

[ 2018-03-09T09:54:11+08:00 ] ::1 /thinkPHP/index.php/Home/Data/index
INFO: [ app_init ] --START--
INFO: Run Behavior\BuildLiteBehavior [ RunTime:0.000000s ]
INFO: [ app_init ] --END-- [ RunTime:0.000000s ]
INFO: [ app_begin ] --START--
INFO: Run Behavior\ReadHtmlCacheBehavior [ RunTime:0.001000s ]
INFO: [ app_begin ] --END-- [ RunTime:0.001000s ]

[ 2018-03-09T09:54:12+08:00 ] ::1 /thinkPHP/index.php/Home/Data/index
INFO: [ app_init ] --START--
INFO: Run Behavior\BuildLiteBehavior [ RunTime:0.000000s ]
INFO: [ app_init ] --END-- [ RunTime:0.000000s ]
INFO: [ app_begin ] --START--
INFO: Run Behavior\ReadHtmlCacheBehavior [ RunTime:0.000000s ]
INFO: [ app_begin ] --END-- [ RunTime:0.000000s ]

[ 2018-03-09T09:54:12+08:00 ] ::1 /thinkPHP/index.php/Home/Data/index
INFO: [ app_init ] --START--
INFO: Run Behavior\BuildLiteBehavior [ RunTime:0.000000s ]
INFO: [ app_init ] --END-- [ RunTime:0.001000s ]
INFO: [ app_begin ] --START--
INFO: Run Behavior\ReadHtmlCacheBehavior [ RunTime:0.001000s ]
INFO: [ app_begin ] --END-- [ RunTime:0.001000s ]

[ 2018-03-09T09:54:19+08:00 ] ::1 /thinkPHP/index.php/Home/Data/index
INFO: [ app_init ] --START--
INFO: Run Behavior\BuildLiteBehavior [ RunTime:0.000000s ]
INFO: [ app_init ] --END-- [ RunTime:0.000000s ]
INFO: [ app_begin ] --START--
INFO: Run Behavior\ReadHtmlCacheBehavior [ RunTime:0.001000s ]
INFO: [ app_begin ] --END-- [ RunTime:0.001000s ]

[ 2018-03-09T09:54:33+08:00 ] ::1 /thinkPHP/index.php/Home/Data/index
INFO: [ app_init ] --START--
INFO: Run Behavior\BuildLiteBehavior [ RunTime:0.000000s ]
INFO: [ app_init ] --END-- [ RunTime:0.000000s ]
INFO: [ app_begin ] --START--
INFO: Run Behavior\ReadHtmlCacheBehavior [ RunTime:0.001000s ]
INFO: [ app_begin ] --END-- [ RunTime:0.001000s ]

[ 2018-03-09T09:54:34+08:00 ] ::1 /thinkPHP/index.php/Home/Data/index
INFO: [ app_init ] --START--
INFO: Run Behavior\BuildLiteBehavior [ RunTime:0.000000s ]
INFO: [ app_init ] --END-- [ RunTime:0.000000s ]
INFO: [ app_begin ] --START--
INFO: Run Behavior\ReadHtmlCacheBehavior [ RunTime:0.000000s ]
INFO: [ app_begin ] --END-- [ RunTime:0.000000s ]

[ 2018-03-09T09:54:34+08:00 ] ::1 /thinkPHP/index.php/Home/Data/index
INFO: [ app_init ] --START--
INFO: Run Behavior\BuildLiteBehavior [ RunTime:0.000000s ]
INFO: [ app_init ] --END-- [ RunTime:0.001000s ]
INFO: [ app_begin ] --START--
INFO: Run Behavior\ReadHtmlCacheBehavior [ RunTime:0.001000s ]
INFO: [ app_begin ] --END-- [ RunTime:0.001000s ]

[ 2018-03-09T09:54:34+08:00 ] ::1 /thinkPHP/index.php/Home/Data/index
INFO: [ app_init ] --START--
INFO: Run Behavior\BuildLiteBehavior [ RunTime:0.001000s ]
INFO: [ app_init ] --END-- [ RunTime:0.001000s ]
INFO: [ app_begin ] --START--
INFO: Run Behavior\ReadHtmlCacheBehavior [ RunTime:0.001000s ]
INFO: [ app_begin ] --END-- [ RunTime:0.001000s ]

[ 2018-03-09T09:54:52+08:00 ] ::1 /thinkPHP/index.php/Home/Data/index
INFO: [ app_init ] --START--
INFO: Run Behavior\BuildLiteBehavior [ RunTime:0.000000s ]
INFO: [ app_init ] --END-- [ RunTime:0.000000s ]
INFO: [ app_begin ] --START--
INFO: Run Behavior\ReadHtmlCacheBehavior [ RunTime:0.000000s ]
INFO: [ app_begin ] --END-- [ RunTime:0.000000s ]
SQL: SHOW COLUMNS FROM `users` [ RunTime:0.0060s ]
SQL: SELECT * FROM `users`  [ RunTime:0.0000s ]
INFO: [ view_parse ] --START--
INFO: [ template_filter ] --START--
INFO: Run Behavior\ContentReplaceBehavior [ RunTime:0.000000s ]
INFO: [ template_filter ] --END-- [ RunTime:0.000000s ]
NOTIC: [8] Use of undefined constant id - assumed 'id' D:\phpStudy\WWW\thinkPHP\du\Runtime\Cache\Home\f23ca8bfa3bd38fd59ee07ce7ba12bf0.php 第 15 行.
NOTIC: [8] Use of undefined constant name - assumed 'name' D:\phpStudy\WWW\thinkPHP\du\Runtime\Cache\Home\f23ca8bfa3bd38fd59ee07ce7ba12bf0.php 第 16 行.
NOTIC: [8] Use of undefined constant id - assumed 'id' D:\phpStudy\WWW\thinkPHP\du\Runtime\Cache\Home\f23ca8bfa3bd38fd59ee07ce7ba12bf0.php 第 17 行.
NOTIC: [8] Use of undefined constant id - assumed 'id' D:\phpStudy\WWW\thinkPHP\du\Runtime\Cache\Home\f23ca8bfa3bd38fd59ee07ce7ba12bf0.php 第 18 行.
NOTIC: [8] Use of undefined constant id - assumed 'id' D:\phpStudy\WWW\thinkPHP\du\Runtime\Cache\Home\f23ca8bfa3bd38fd59ee07ce7ba12bf0.php 第 15 行.
NOTIC: [8] Use of undefined constant name - assumed 'name' D:\phpStudy\WWW\thinkPHP\du\Runtime\Cache\Home\f23ca8bfa3bd38fd59ee07ce7ba12bf0.php 第 16 行.
NOTIC: [8] Use of undefined constant id - assumed 'id' D:\phpStudy\WWW\thinkPHP\du\Runtime\Cache\Home\f23ca8bfa3bd38fd59ee07ce7ba12bf0.php 第 17 行.
NOTIC: [8] Use of undefined constant id - assumed 'id' D:\phpStudy\WWW\thinkPHP\du\Runtime\Cache\Home\f23ca8bfa3bd38fd59ee07ce7ba12bf0.php 第 18 行.
NOTIC: [8] Use of undefined constant id - assumed 'id' D:\phpStudy\WWW\thinkPHP\du\Runtime\Cache\Home\f23ca8bfa3bd38fd59ee07ce7ba12bf0.php 第 15 行.
NOTIC: [8] Use of undefined constant name - assumed 'name' D:\phpStudy\WWW\thinkPHP\du\Runtime\Cache\Home\f23ca8bfa3bd38fd59ee07ce7ba12bf0.php 第 16 行.
NOTIC: [8] Use of undefined constant id - assumed 'id' D:\phpStudy\WWW\thinkPHP\du\Runtime\Cache\Home\f23ca8bfa3bd38fd59ee07ce7ba12bf0.php 第 17 行.
NOTIC: [8] Use of undefined constant id - assumed 'id' D:\phpStudy\WWW\thinkPHP\du\Runtime\Cache\Home\f23ca8bfa3bd38fd59ee07ce7ba12bf0.php 第 18 行.
INFO: Run Behavior\ParseTemplateBehavior [ RunTime:0.007001s ]
INFO: [ view_parse ] --END-- [ RunTime:0.007001s ]
INFO: [ view_filter ] --START--
INFO: Run Behavior\WriteHtmlCacheBehavior [ RunTime:0.001000s ]
INFO: [ view_filter ] --END-- [ RunTime:0.001000s ]
INFO: [ app_end ] --START--
INFO: Run Behavior\ShowPageTraceBehavior [ RunTime:0.001000s ]
INFO: [ app_end ] --END-- [ RunTime:0.001000s ]

[ 2018-03-09T09:54:54+08:00 ] ::1 /thinkPHP/index.php/Home/Data/ajax_del.html
INFO: [ app_init ] --START--
INFO: Run Behavior\BuildLiteBehavior [ RunTime:0.000000s ]
INFO: [ app_init ] --END-- [ RunTime:0.000000s ]
INFO: [ app_begin ] --START--
INFO: Run Behavior\ReadHtmlCacheBehavior [ RunTime:0.001001s ]
INFO: [ app_begin ] --END-- [ RunTime:0.001001s ]
SQL: SHOW COLUMNS FROM `users` [ RunTime:0.0070s ]
SQL: DELETE FROM `users` WHERE `id` = 13 [ RunTime:0.0000s ]
INFO: [ app_end ] --START--
INFO: Run Behavior\ShowPageTraceBehavior [ RunTime:0.001000s ]
INFO: [ app_end ] --END-- [ RunTime:0.001000s ]

[ 2018-03-09T09:54:59+08:00 ] ::1 /thinkPHP/index.php/Home/Data/ajax_del.html
INFO: [ app_init ] --START--
INFO: Run Behavior\BuildLiteBehavior [ RunTime:0.000000s ]
INFO: [ app_init ] --END-- [ RunTime:0.000000s ]
INFO: [ app_begin ] --START--
INFO: Run Behavior\ReadHtmlCacheBehavior [ RunTime:0.001000s ]
INFO: [ app_begin ] --END-- [ RunTime:0.001000s ]
SQL: SHOW COLUMNS FROM `users` [ RunTime:0.0070s ]
SQL: DELETE FROM `users` WHERE `id` = 13 [ RunTime:0.0000s ]
INFO: [ app_end ] --START--
INFO: Run Behavior\ShowPageTraceBehavior [ RunTime:0.001000s ]
INFO: [ app_end ] --END-- [ RunTime:0.001000s ]

[ 2018-03-09T09:55:03+08:00 ] ::1 /thinkPHP/index.php/Home/Data/index
INFO: [ app_init ] --START--
INFO: Run Behavior\BuildLiteBehavior [ RunTime:0.000000s ]
INFO: [ app_init ] --END-- [ RunTime:0.000000s ]
INFO: [ app_begin ] --START--
INFO: Run Behavior\ReadHtmlCacheBehavior [ RunTime:0.001000s ]
INFO: [ app_begin ] --END-- [ RunTime:0.001000s ]
SQL: SHOW COLUMNS FROM `users` [ RunTime:0.0060s ]
SQL: SELECT * FROM `users`  [ RunTime:0.0000s ]
INFO: [ view_parse ] --START--
INFO: [ template_filter ] --START--
INFO: Run Behavior\ContentReplaceBehavior [ RunTime:0.000000s ]
INFO: [ template_filter ] --END-- [ RunTime:0.001000s ]
NOTIC: [8] Use of undefined constant id - assumed 'id' D:\phpStudy\WWW\thinkPHP\du\Runtime\Cache\Home\f23ca8bfa3bd38fd59ee07ce7ba12bf0.php 第 15 行.
NOTIC: [8] Use of undefined constant name - assumed 'name' D:\phpStudy\WWW\thinkPHP\du\Runtime\Cache\Home\f23ca8bfa3bd38fd59ee07ce7ba12bf0.php 第 16 行.
NOTIC: [8] Use of undefined constant id - assumed 'id' D:\phpStudy\WWW\thinkPHP\du\Runtime\Cache\Home\f23ca8bfa3bd38fd59ee07ce7ba12bf0.php 第 17 行.
NOTIC: [8] Use of undefined constant id - assumed 'id' D:\phpStudy\WWW\thinkPHP\du\Runtime\Cache\Home\f23ca8bfa3bd38fd59ee07ce7ba12bf0.php 第 18 行.
NOTIC: [8] Use of undefined constant id - assumed 'id' D:\phpStudy\WWW\thinkPHP\du\Runtime\Cache\Home\f23ca8bfa3bd38fd59ee07ce7ba12bf0.php 第 15 行.
NOTIC: [8] Use of undefined constant name - assumed 'name' D:\phpStudy\WWW\thinkPHP\du\Runtime\Cache\Home\f23ca8bfa3bd38fd59ee07ce7ba12bf0.php 第 16 行.
NOTIC: [8] Use of undefined constant id - assumed 'id' D:\phpStudy\WWW\thinkPHP\du\Runtime\Cache\Home\f23ca8bfa3bd38fd59ee07ce7ba12bf0.php 第 17 行.
NOTIC: [8] Use of undefined constant id - assumed 'id' D:\phpStudy\WWW\thinkPHP\du\Runtime\Cache\Home\f23ca8bfa3bd38fd59ee07ce7ba12bf0.php 第 18 行.
INFO: Run Behavior\ParseTemplateBehavior [ RunTime:0.007000s ]
INFO: [ view_parse ] --END-- [ RunTime:0.007000s ]
INFO: [ view_filter ] --START--
INFO: Run Behavior\WriteHtmlCacheBehavior [ RunTime:0.001000s ]
INFO: [ view_filter ] --END-- [ RunTime:0.001000s ]
INFO: [ app_end ] --START--
INFO: Run Behavior\ShowPageTraceBehavior [ RunTime:0.000000s ]
INFO: [ app_end ] --END-- [ RunTime:0.000000s ]

[ 2018-03-09T09:55:23+08:00 ] ::1 /thinkPHP/index.php/Home/Data/index
INFO: [ app_init ] --START--
INFO: Run Behavior\BuildLiteBehavior [ RunTime:0.000000s ]
INFO: [ app_init ] --END-- [ RunTime:0.000000s ]
INFO: [ app_begin ] --START--
INFO: Run Behavior\ReadHtmlCacheBehavior [ RunTime:0.001000s ]
INFO: [ app_begin ] --END-- [ RunTime:0.001000s ]
SQL: SHOW COLUMNS FROM `users` [ RunTime:0.0060s ]
SQL: SELECT * FROM `users`  [ RunTime:0.0000s ]
INFO: [ view_parse ] --START--
INFO: [ template_filter ] --START--
INFO: Run Behavior\ContentReplaceBehavior [ RunTime:0.000000s ]
INFO: [ template_filter ] --END-- [ RunTime:0.000000s ]
NOTIC: [8] Use of undefined constant id - assumed 'id' D:\phpStudy\WWW\thinkPHP\du\Runtime\Cache\Home\f23ca8bfa3bd38fd59ee07ce7ba12bf0.php 第 15 行.
NOTIC: [8] Use of undefined constant name - assumed 'name' D:\phpStudy\WWW\thinkPHP\du\Runtime\Cache\Home\f23ca8bfa3bd38fd59ee07ce7ba12bf0.php 第 16 行.
NOTIC: [8] Use of undefined constant id - assumed 'id' D:\phpStudy\WWW\thinkPHP\du\Runtime\Cache\Home\f23ca8bfa3bd38fd59ee07ce7ba12bf0.php 第 17 行.
NOTIC: [8] Use of undefined constant id - assumed 'id' D:\phpStudy\WWW\thinkPHP\du\Runtime\Cache\Home\f23ca8bfa3bd38fd59ee07ce7ba12bf0.php 第 18 行.
NOTIC: [8] Use of undefined constant id - assumed 'id' D:\phpStudy\WWW\thinkPHP\du\Runtime\Cache\Home\f23ca8bfa3bd38fd59ee07ce7ba12bf0.php 第 15 行.
NOTIC: [8] Use of undefined constant name - assumed 'name' D:\phpStudy\WWW\thinkPHP\du\Runtime\Cache\Home\f23ca8bfa3bd38fd59ee07ce7ba12bf0.php 第 16 行.
NOTIC: [8] Use of undefined constant id - assumed 'id' D:\phpStudy\WWW\thinkPHP\du\Runtime\Cache\Home\f23ca8bfa3bd38fd59ee07ce7ba12bf0.php 第 17 行.
NOTIC: [8] Use of undefined constant id - assumed 'id' D:\phpStudy\WWW\thinkPHP\du\Runtime\Cache\Home\f23ca8bfa3bd38fd59ee07ce7ba12bf0.php 第 18 行.
INFO: Run Behavior\ParseTemplateBehavior [ RunTime:0.008000s ]
INFO: [ view_parse ] --END-- [ RunTime:0.008000s ]
INFO: [ view_filter ] --START--
INFO: Run Behavior\WriteHtmlCacheBehavior [ RunTime:0.001000s ]
INFO: [ view_filter ] --END-- [ RunTime:0.001000s ]
INFO: [ app_end ] --START--
INFO: Run Behavior\ShowPageTraceBehavior [ RunTime:0.001000s ]
INFO: [ app_end ] --END-- [ RunTime:0.001000s ]

[ 2018-03-09T09:55:24+08:00 ] ::1 /thinkPHP/index.php/Home/Data/ajax_del.html
INFO: [ app_init ] --START--
INFO: Run Behavior\BuildLiteBehavior [ RunTime:0.000000s ]
INFO: [ app_init ] --END-- [ RunTime:0.000000s ]
INFO: [ app_begin ] --START--
INFO: Run Behavior\ReadHtmlCacheBehavior [ RunTime:0.001000s ]
INFO: [ app_begin ] --END-- [ RunTime:0.001000s ]
SQL: SHOW COLUMNS FROM `users` [ RunTime:0.0070s ]
SQL: DELETE FROM `users` WHERE `id` = 14 [ RunTime:0.0000s ]
INFO: [ app_end ] --START--
INFO: Run Behavior\ShowPageTraceBehavior [ RunTime:0.001000s ]
INFO: [ app_end ] --END-- [ RunTime:0.001000s ]

[ 2018-03-09T09:55:28+08:00 ] ::1 /thinkPHP/index.php/Home/Data/ajax_del.html
INFO: [ app_init ] --START--
INFO: Run Behavior\BuildLiteBehavior [ RunTime:0.000000s ]
INFO: [ app_init ] --END-- [ RunTime:0.001000s ]
INFO: [ app_begin ] --START--
INFO: Run Behavior\ReadHtmlCacheBehavior [ RunTime:0.001000s ]
INFO: [ app_begin ] --END-- [ RunTime:0.001000s ]
SQL: SHOW COLUMNS FROM `users` [ RunTime:0.0060s ]
SQL: DELETE FROM `users` WHERE `id` = 14 [ RunTime:0.0010s ]
INFO: [ app_end ] --START--
INFO: Run Behavior\ShowPageTraceBehavior [ RunTime:0.000000s ]
INFO: [ app_end ] --END-- [ RunTime:0.000000s ]

[ 2018-03-09T09:55:30+08:00 ] ::1 /thinkPHP/index.php/Home/Data/index
INFO: [ app_init ] --START--
INFO: Run Behavior\BuildLiteBehavior [ RunTime:0.000000s ]
INFO: [ app_init ] --END-- [ RunTime:0.001000s ]
INFO: [ app_begin ] --START--
INFO: Run Behavior\ReadHtmlCacheBehavior [ RunTime:0.001000s ]
INFO: [ app_begin ] --END-- [ RunTime:0.001000s ]
SQL: SHOW COLUMNS FROM `users` [ RunTime:0.0060s ]
SQL: SELECT * FROM `users`  [ RunTime:0.0000s ]
INFO: [ view_parse ] --START--
INFO: [ template_filter ] --START--
INFO: Run Behavior\ContentReplaceBehavior [ RunTime:0.000000s ]
INFO: [ template_filter ] --END-- [ RunTime:0.000000s ]
NOTIC: [8] Use of undefined constant id - assumed 'id' D:\phpStudy\WWW\thinkPHP\du\Runtime\Cache\Home\f23ca8bfa3bd38fd59ee07ce7ba12bf0.php 第 15 行.
NOTIC: [8] Use of undefined constant name - assumed 'name' D:\phpStudy\WWW\thinkPHP\du\Runtime\Cache\Home\f23ca8bfa3bd38fd59ee07ce7ba12bf0.php 第 16 行.
NOTIC: [8] Use of undefined constant id - assumed 'id' D:\phpStudy\WWW\thinkPHP\du\Runtime\Cache\Home\f23ca8bfa3bd38fd59ee07ce7ba12bf0.php 第 17 行.
NOTIC: [8] Use of undefined constant id - assumed 'id' D:\phpStudy\WWW\thinkPHP\du\Runtime\Cache\Home\f23ca8bfa3bd38fd59ee07ce7ba12bf0.php 第 18 行.
INFO: Run Behavior\ParseTemplateBehavior [ RunTime:0.007001s ]
INFO: [ view_parse ] --END-- [ RunTime:0.007001s ]
INFO: [ view_filter ] --START--
INFO: Run Behavior\WriteHtmlCacheBehavior [ RunTime:0.000000s ]
INFO: [ view_filter ] --END-- [ RunTime:0.000000s ]
INFO: [ app_end ] --START--
INFO: Run Behavior\ShowPageTraceBehavior [ RunTime:0.000000s ]
INFO: [ app_end ] --END-- [ RunTime:0.000000s ]

[ 2018-03-09T10:09:08+08:00 ] ::1 /thinkPHP/index.php/Home/Data/index
INFO: [ app_init ] --START--
INFO: Run Behavior\BuildLiteBehavior [ RunTime:0.000000s ]
INFO: [ app_init ] --END-- [ RunTime:0.001000s ]
INFO: [ app_begin ] --START--
INFO: Run Behavior\ReadHtmlCacheBehavior [ RunTime:0.000000s ]
INFO: [ app_begin ] --END-- [ RunTime:0.000000s ]
SQL: SHOW COLUMNS FROM `users` [ RunTime:0.0060s ]
SQL: SELECT * FROM `users`  [ RunTime:0.0000s ]
INFO: [ view_parse ] --START--
INFO: [ template_filter ] --START--
INFO: Run Behavior\ContentReplaceBehavior [ RunTime:0.000000s ]
INFO: [ template_filter ] --END-- [ RunTime:0.000000s ]
NOTIC: [8] Use of undefined constant id - assumed 'id' D:\phpStudy\WWW\thinkPHP\du\Runtime\Cache\Home\f23ca8bfa3bd38fd59ee07ce7ba12bf0.php 第 15 行.
NOTIC: [8] Use of undefined constant name - assumed 'name' D:\phpStudy\WWW\thinkPHP\du\Runtime\Cache\Home\f23ca8bfa3bd38fd59ee07ce7ba12bf0.php 第 16 行.
NOTIC: [8] Use of undefined constant id - assumed 'id' D:\phpStudy\WWW\thinkPHP\du\Runtime\Cache\Home\f23ca8bfa3bd38fd59ee07ce7ba12bf0.php 第 17 行.
NOTIC: [8] Use of undefined constant id - assumed 'id' D:\phpStudy\WWW\thinkPHP\du\Runtime\Cache\Home\f23ca8bfa3bd38fd59ee07ce7ba12bf0.php 第 18 行.
INFO: Run Behavior\ParseTemplateBehavior [ RunTime:0.006000s ]
INFO: [ view_parse ] --END-- [ RunTime:0.006000s ]
INFO: [ view_filter ] --START--
INFO: Run Behavior\WriteHtmlCacheBehavior [ RunTime:0.001000s ]
INFO: [ view_filter ] --END-- [ RunTime:0.001000s ]
INFO: [ app_end ] --START--
INFO: Run Behavior\ShowPageTraceBehavior [ RunTime:0.000000s ]
INFO: [ app_end ] --END-- [ RunTime:0.000000s ]

[ 2018-03-09T10:09:09+08:00 ] ::1 /thinkPHP/index.php/Home/Data/ajax_del.html
INFO: [ app_init ] --START--
INFO: Run Behavior\BuildLiteBehavior [ RunTime:0.000000s ]
INFO: [ app_init ] --END-- [ RunTime:0.001000s ]
INFO: [ app_begin ] --START--
INFO: Run Behavior\ReadHtmlCacheBehavior [ RunTime:0.000000s ]
INFO: [ app_begin ] --END-- [ RunTime:0.000000s ]
SQL: SHOW COLUMNS FROM `users` [ RunTime:0.0070s ]
SQL: DELETE FROM `users` WHERE `id` = 15 [ RunTime:0.0000s ]

[ 2018-03-09T10:09:13+08:00 ] ::1 /thinkPHP/index.php/Home/Data/index
INFO: [ app_init ] --START--
INFO: Run Behavior\BuildLiteBehavior [ RunTime:0.000000s ]
INFO: [ app_init ] --END-- [ RunTime:0.000000s ]
INFO: [ app_begin ] --START--
INFO: Run Behavior\ReadHtmlCacheBehavior [ RunTime:0.001000s ]
INFO: [ app_begin ] --END-- [ RunTime:0.001000s ]
SQL: SHOW COLUMNS FROM `users` [ RunTime:0.0060s ]
SQL: SELECT * FROM `users`  [ RunTime:0.0000s ]
INFO: [ view_parse ] --START--
INFO: [ template_filter ] --START--
INFO: Run Behavior\ContentReplaceBehavior [ RunTime:0.000000s ]
INFO: [ template_filter ] --END-- [ RunTime:0.000000s ]
INFO: Run Behavior\ParseTemplateBehavior [ RunTime:0.006001s ]
INFO: [ view_parse ] --END-- [ RunTime:0.006001s ]
INFO: [ view_filter ] --START--
INFO: Run Behavior\WriteHtmlCacheBehavior [ RunTime:0.000000s ]
INFO: [ view_filter ] --END-- [ RunTime:0.000000s ]
INFO: [ app_end ] --START--
INFO: Run Behavior\ShowPageTraceBehavior [ RunTime:0.001000s ]
INFO: [ app_end ] --END-- [ RunTime:0.001000s ]

[ 2018-03-09T10:41:13+08:00 ] ::1 /thinkPHP/index.php/Home/Data/index
INFO: [ app_init ] --START--
INFO: Run Behavior\BuildLiteBehavior [ RunTime:0.000000s ]
INFO: [ app_init ] --END-- [ RunTime:0.001000s ]
INFO: [ app_begin ] --START--
INFO: Run Behavior\ReadHtmlCacheBehavior [ RunTime:0.000000s ]
INFO: [ app_begin ] --END-- [ RunTime:0.001000s ]
SQL: SHOW COLUMNS FROM `users` [ RunTime:0.0070s ]
SQL: SELECT * FROM `users`  [ RunTime:0.0010s ]
INFO: [ view_parse ] --START--
INFO: [ template_filter ] --START--
INFO: Run Behavior\ContentReplaceBehavior [ RunTime:0.000000s ]
INFO: [ template_filter ] --END-- [ RunTime:0.000000s ]
NOTIC: [8] Use of undefined constant id - assumed 'id' D:\phpStudy\WWW\thinkPHP\du\Runtime\Cache\Home\f23ca8bfa3bd38fd59ee07ce7ba12bf0.php 第 15 行.
NOTIC: [8] Use of undefined constant name - assumed 'name' D:\phpStudy\WWW\thinkPHP\du\Runtime\Cache\Home\f23ca8bfa3bd38fd59ee07ce7ba12bf0.php 第 16 行.
NOTIC: [8] Use of undefined constant id - assumed 'id' D:\phpStudy\WWW\thinkPHP\du\Runtime\Cache\Home\f23ca8bfa3bd38fd59ee07ce7ba12bf0.php 第 17 行.
NOTIC: [8] Use of undefined constant id - assumed 'id' D:\phpStudy\WWW\thinkPHP\du\Runtime\Cache\Home\f23ca8bfa3bd38fd59ee07ce7ba12bf0.php 第 18 行.
NOTIC: [8] Use of undefined constant id - assumed 'id' D:\phpStudy\WWW\thinkPHP\du\Runtime\Cache\Home\f23ca8bfa3bd38fd59ee07ce7ba12bf0.php 第 15 行.
NOTIC: [8] Use of undefined constant name - assumed 'name' D:\phpStudy\WWW\thinkPHP\du\Runtime\Cache\Home\f23ca8bfa3bd38fd59ee07ce7ba12bf0.php 第 16 行.
NOTIC: [8] Use of undefined constant id - assumed 'id' D:\phpStudy\WWW\thinkPHP\du\Runtime\Cache\Home\f23ca8bfa3bd38fd59ee07ce7ba12bf0.php 第 17 行.
NOTIC: [8] Use of undefined constant id - assumed 'id' D:\phpStudy\WWW\thinkPHP\du\Runtime\Cache\Home\f23ca8bfa3bd38fd59ee07ce7ba12bf0.php 第 18 行.
NOTIC: [8] Use of undefined constant id - assumed 'id' D:\phpStudy\WWW\thinkPHP\du\Runtime\Cache\Home\f23ca8bfa3bd38fd59ee07ce7ba12bf0.php 第 15 行.
NOTIC: [8] Use of undefined constant name - assumed 'name' D:\phpStudy\WWW\thinkPHP\du\Runtime\Cache\Home\f23ca8bfa3bd38fd59ee07ce7ba12bf0.php 第 16 行.
NOTIC: [8] Use of undefined constant id - assumed 'id' D:\phpStudy\WWW\thinkPHP\du\Runtime\Cache\Home\f23ca8bfa3bd38fd59ee07ce7ba12bf0.php 第 17 行.
NOTIC: [8] Use of undefined constant id - assumed 'id' D:\phpStudy\WWW\thinkPHP\du\Runtime\Cache\Home\f23ca8bfa3bd38fd59ee07ce7ba12bf0.php 第 18 行.
NOTIC: [8] Use of undefined constant id - assumed 'id' D:\phpStudy\WWW\thinkPHP\du\Runtime\Cache\Home\f23ca8bfa3bd38fd59ee07ce7ba12bf0.php 第 15 行.
NOTIC: [8] Use of undefined constant name - assumed 'name' D:\phpStudy\WWW\thinkPHP\du\Runtime\Cache\Home\f23ca8bfa3bd38fd59ee07ce7ba12bf0.php 第 16 行.
NOTIC: [8] Use of undefined constant id - assumed 'id' D:\phpStudy\WWW\thinkPHP\du\Runtime\Cache\Home\f23ca8bfa3bd38fd59ee07ce7ba12bf0.php 第 17 行.
NOTIC: [8] Use of undefined constant id - assumed 'id' D:\phpStudy\WWW\thinkPHP\du\Runtime\Cache\Home\f23ca8bfa3bd38fd59ee07ce7ba12bf0.php 第 18 行.
NOTIC: [8] Use of undefined constant id - assumed 'id' D:\phpStudy\WWW\thinkPHP\du\Runtime\Cache\Home\f23ca8bfa3bd38fd59ee07ce7ba12bf0.php 第 15 行.
NOTIC: [8] Use of undefined constant name - assumed 'name' D:\phpStudy\WWW\thinkPHP\du\Runtime\Cache\Home\f23ca8bfa3bd38fd59ee07ce7ba12bf0.php 第 16 行.
NOTIC: [8] Use of undefined constant id - assumed 'id' D:\phpStudy\WWW\thinkPHP\du\Runtime\Cache\Home\f23ca8bfa3bd38fd59ee07ce7ba12bf0.php 第 17 行.
NOTIC: [8] Use of undefined constant id - assumed 'id' D:\phpStudy\WWW\thinkPHP\du\Runtime\Cache\Home\f23ca8bfa3bd38fd59ee07ce7ba12bf0.php 第 18 行.
NOTIC: [8] Use of undefined constant id - assumed 'id' D:\phpStudy\WWW\thinkPHP\du\Runtime\Cache\Home\f23ca8bfa3bd38fd59ee07ce7ba12bf0.php 第 15 行.
NOTIC: [8] Use of undefined constant name - assumed 'name' D:\phpStudy\WWW\thinkPHP\du\Runtime\Cache\Home\f23ca8bfa3bd38fd59ee07ce7ba12bf0.php 第 16 行.
NOTIC: [8] Use of undefined constant id - assumed 'id' D:\phpStudy\WWW\thinkPHP\du\Runtime\Cache\Home\f23ca8bfa3bd38fd59ee07ce7ba12bf0.php 第 17 行.
NOTIC: [8] Use of undefined constant id - assumed 'id' D:\phpStudy\WWW\thinkPHP\du\Runtime\Cache\Home\f23ca8bfa3bd38fd59ee07ce7ba12bf0.php 第 18 行.
NOTIC: [8] Use of undefined constant id - assumed 'id' D:\phpStudy\WWW\thinkPHP\du\Runtime\Cache\Home\f23ca8bfa3bd38fd59ee07ce7ba12bf0.php 第 15 行.
NOTIC: [8] Use of undefined constant name - assumed 'name' D:\phpStudy\WWW\thinkPHP\du\Runtime\Cache\Home\f23ca8bfa3bd38fd59ee07ce7ba12bf0.php 第 16 行.
NOTIC: [8] Use of undefined constant id - assumed 'id' D:\phpStudy\WWW\thinkPHP\du\Runtime\Cache\Home\f23ca8bfa3bd38fd59ee07ce7ba12bf0.php 第 17 行.
NOTIC: [8] Use of undefined constant id - assumed 'id' D:\phpStudy\WWW\thinkPHP\du\Runtime\Cache\Home\f23ca8bfa3bd38fd59ee07ce7ba12bf0.php 第 18 行.
NOTIC: [8] Use of undefined constant id - assumed 'id' D:\phpStudy\WWW\thinkPHP\du\Runtime\Cache\Home\f23ca8bfa3bd38fd59ee07ce7ba12bf0.php 第 15 行.
NOTIC: [8] Use of undefined constant name - assumed 'name' D:\phpStudy\WWW\thinkPHP\du\Runtime\Cache\Home\f23ca8bfa3bd38fd59ee07ce7ba12bf0.php 第 16 行.
NOTIC: [8] Use of undefined constant id - assumed 'id' D:\phpStudy\WWW\thinkPHP\du\Runtime\Cache\Home\f23ca8bfa3bd38fd59ee07ce7ba12bf0.php 第 17 行.
NOTIC: [8] Use of undefined constant id - assumed 'id' D:\phpStudy\WWW\thinkPHP\du\Runtime\Cache\Home\f23ca8bfa3bd38fd59ee07ce7ba12bf0.php 第 18 行.
NOTIC: [8] Use of undefined constant id - assumed 'id' D:\phpStudy\WWW\thinkPHP\du\Runtime\Cache\Home\f23ca8bfa3bd38fd59ee07ce7ba12bf0.php 第 15 行.
NOTIC: [8] Use of undefined constant name - assumed 'name' D:\phpStudy\WWW\thinkPHP\du\Runtime\Cache\Home\f23ca8bfa3bd38fd59ee07ce7ba12bf0.php 第 16 行.
NOTIC: [8] Use of undefined constant id - assumed 'id' D:\phpStudy\WWW\thinkPHP\du\Runtime\Cache\Home\f23ca8bfa3bd38fd59ee07ce7ba12bf0.php 第 17 行.
NOTIC: [8] Use of undefined constant id - assumed 'id' D:\phpStudy\WWW\thinkPHP\du\Runtime\Cache\Home\f23ca8bfa3bd38fd59ee07ce7ba12bf0.php 第 18 行.
NOTIC: [8] Use of undefined constant id - assumed 'id' D:\phpStudy\WWW\thinkPHP\du\Runtime\Cache\Home\f23ca8bfa3bd38fd59ee07ce7ba12bf0.php 第 15 行.
NOTIC: [8] Use of undefined constant name - assumed 'name' D:\phpStudy\WWW\thinkPHP\du\Runtime\Cache\Home\f23ca8bfa3bd38fd59ee07ce7ba12bf0.php 第 16 行.
NOTIC: [8] Use of undefined constant id - assumed 'id' D:\phpStudy\WWW\thinkPHP\du\Runtime\Cache\Home\f23ca8bfa3bd38fd59ee07ce7ba12bf0.php 第 17 行.
NOTIC: [8] Use of undefined constant id - assumed 'id' D:\phpStudy\WWW\thinkPHP\du\Runtime\Cache\Home\f23ca8bfa3bd38fd59ee07ce7ba12bf0.php 第 18 行.
NOTIC: [8] Use of undefined constant id - assumed 'id' D:\phpStudy\WWW\thinkPHP\du\Runtime\Cache\Home\f23ca8bfa3bd38fd59ee07ce7ba12bf0.php 第 15 行.
NOTIC: [8] Use of undefined constant name - assumed 'name' D:\phpStudy\WWW\thinkPHP\du\Runtime\Cache\Home\f23ca8bfa3bd38fd59ee07ce7ba12bf0.php 第 16 行.
NOTIC: [8] Use of undefined constant id - assumed 'id' D:\phpStudy\WWW\thinkPHP\du\Runtime\Cache\Home\f23ca8bfa3bd38fd59ee07ce7ba12bf0.php 第 17 行.
NOTIC: [8] Use of undefined constant id - assumed 'id' D:\phpStudy\WWW\thinkPHP\du\Runtime\Cache\Home\f23ca8bfa3bd38fd59ee07ce7ba12bf0.php 第 18 行.
NOTIC: [8] Use of undefined constant id - assumed 'id' D:\phpStudy\WWW\thinkPHP\du\Runtime\Cache\Home\f23ca8bfa3bd38fd59ee07ce7ba12bf0.php 第 15 行.
NOTIC: [8] Use of undefined constant name - assumed 'name' D:\phpStudy\WWW\thinkPHP\du\Runtime\Cache\Home\f23ca8bfa3bd38fd59ee07ce7ba12bf0.php 第 16 行.
NOTIC: [8] Use of undefined constant id - assumed 'id' D:\phpStudy\WWW\thinkPHP\du\Runtime\Cache\Home\f23ca8bfa3bd38fd59ee07ce7ba12bf0.php 第 17 行.
NOTIC: [8] Use of undefined constant id - assumed 'id' D:\phpStudy\WWW\thinkPHP\du\Runtime\Cache\Home\f23ca8bfa3bd38fd59ee07ce7ba12bf0.php 第 18 行.
NOTIC: [8] Use of undefined constant id - assumed 'id' D:\phpStudy\WWW\thinkPHP\du\Runtime\Cache\Home\f23ca8bfa3bd38fd59ee07ce7ba12bf0.php 第 15 行.
NOTIC: [8] Use of undefined constant name - assumed 'name' D:\phpStudy\WWW\thinkPHP\du\Runtime\Cache\Home\f23ca8bfa3bd38fd59ee07ce7ba12bf0.php 第 16 行.
NOTIC: [8] Use of undefined constant id - assumed 'id' D:\phpStudy\WWW\thinkPHP\du\Runtime\Cache\Home\f23ca8bfa3bd38fd59ee07ce7ba12bf0.php 第 17 行.
NOTIC: [8] Use of undefined constant id - assumed 'id' D:\phpStudy\WWW\thinkPHP\du\Runtime\Cache\Home\f23ca8bfa3bd38fd59ee07ce7ba12bf0.php 第 18 行.
NOTIC: [8] Use of undefined constant id - assumed 'id' D:\phpStudy\WWW\thinkPHP\du\Runtime\Cache\Home\f23ca8bfa3bd38fd59ee07ce7ba12bf0.php 第 15 行.
NOTIC: [8] Use of undefined constant name - assumed 'name' D:\phpStudy\WWW\thinkPHP\du\Runtime\Cache\Home\f23ca8bfa3bd38fd59ee07ce7ba12bf0.php 第 16 行.
NOTIC: [8] Use of undefined constant id - assumed 'id' D:\phpStudy\WWW\thinkPHP\du\Runtime\Cache\Home\f23ca8bfa3bd38fd59ee07ce7ba12bf0.php 第 17 行.
NOTIC: [8] Use of undefined constant id - assumed 'id' D:\phpStudy\WWW\thinkPHP\du\Runtime\Cache\Home\f23ca8bfa3bd38fd59ee07ce7ba12bf0.php 第 18 行.
NOTIC: [8] Use of undefined constant id - assumed 'id' D:\phpStudy\WWW\thinkPHP\du\Runtime\Cache\Home\f23ca8bfa3bd38fd59ee07ce7ba12bf0.php 第 15 行.
NOTIC: [8] Use of undefined constant name - assumed 'name' D:\phpStudy\WWW\thinkPHP\du\Runtime\Cache\Home\f23ca8bfa3bd38fd59ee07ce7ba12bf0.php 第 16 行.
NOTIC: [8] Use of undefined constant id - assumed 'id' D:\phpStudy\WWW\thinkPHP\du\Runtime\Cache\Home\f23ca8bfa3bd38fd59ee07ce7ba12bf0.php 第 17 行.
NOTIC: [8] Use of undefined constant id - assumed 'id' D:\phpStudy\WWW\thinkPHP\du\Runtime\Cache\Home\f23ca8bfa3bd38fd59ee07ce7ba12bf0.php 第 18 行.
NOTIC: [8] Use of undefined constant id - assumed 'id' D:\phpStudy\WWW\thinkPHP\du\Runtime\Cache\Home\f23ca8bfa3bd38fd59ee07ce7ba12bf0.php 第 15 行.
NOTIC: [8] Use of undefined constant name - assumed 'name' D:\phpStudy\WWW\thinkPHP\du\Runtime\Cache\Home\f23ca8bfa3bd38fd59ee07ce7ba12bf0.php 第 16 行.
NOTIC: [8] Use of undefined constant id - assumed 'id' D:\phpStudy\WWW\thinkPHP\du\Runtime\Cache\Home\f23ca8bfa3bd38fd59ee07ce7ba12bf0.php 第 17 行.
NOTIC: [8] Use of undefined constant id - assumed 'id' D:\phpStudy\WWW\thinkPHP\du\Runtime\Cache\Home\f23ca8bfa3bd38fd59ee07ce7ba12bf0.php 第 18 行.
NOTIC: [8] Use of undefined constant id - assumed 'id' D:\phpStudy\WWW\thinkPHP\du\Runtime\Cache\Home\f23ca8bfa3bd38fd59ee07ce7ba12bf0.php 第 15 行.
NOTIC: [8] Use of undefined constant name - assumed 'name' D:\phpStudy\WWW\thinkPHP\du\Runtime\Cache\Home\f23ca8bfa3bd38fd59ee07ce7ba12bf0.php 第 16 行.
NOTIC: [8] Use of undefined constant id - assumed 'id' D:\phpStudy\WWW\thinkPHP\du\Runtime\Cache\Home\f23ca8bfa3bd38fd59ee07ce7ba12bf0.php 第 17 行.
NOTIC: [8] Use of undefined constant id - assumed 'id' D:\phpStudy\WWW\thinkPHP\du\Runtime\Cache\Home\f23ca8bfa3bd38fd59ee07ce7ba12bf0.php 第 18 行.
INFO: Run Behavior\ParseTemplateBehavior [ RunTime:0.009000s ]
INFO: [ view_parse ] --END-- [ RunTime:0.009000s ]
INFO: [ view_filter ] --START--
INFO: Run Behavior\WriteHtmlCacheBehavior [ RunTime:0.001000s ]
INFO: [ view_filter ] --END-- [ RunTime:0.001000s ]
INFO: [ app_end ] --START--
INFO: Run Behavior\ShowPageTraceBehavior [ RunTime:0.001000s ]
INFO: [ app_end ] --END-- [ RunTime:0.001000s ]

[ 2018-03-09T10:42:54+08:00 ] ::1 /thinkPHP/index.php/Home/Data/ajax_del.html
INFO: [ app_init ] --START--
INFO: Run Behavior\BuildLiteBehavior [ RunTime:0.000000s ]
INFO: [ app_init ] --END-- [ RunTime:0.001001s ]
INFO: [ app_begin ] --START--
INFO: Run Behavior\ReadHtmlCacheBehavior [ RunTime:0.000000s ]
INFO: [ app_begin ] --END-- [ RunTime:0.000000s ]
SQL: SHOW COLUMNS FROM `users` [ RunTime:0.0070s ]
SQL: DELETE FROM `users` WHERE `id` = 20 [ RunTime:0.0000s ]

[ 2018-03-09T10:42:59+08:00 ] ::1 /thinkPHP/index.php/Home/Data/index
INFO: [ app_init ] --START--
INFO: Run Behavior\BuildLiteBehavior [ RunTime:0.000000s ]
INFO: [ app_init ] --END-- [ RunTime:0.001000s ]
INFO: [ app_begin ] --START--
INFO: Run Behavior\ReadHtmlCacheBehavior [ RunTime:0.001000s ]
INFO: [ app_begin ] --END-- [ RunTime:0.001000s ]
SQL: SHOW COLUMNS FROM `users` [ RunTime:0.0070s ]
SQL: SELECT * FROM `users`  [ RunTime:0.0010s ]
INFO: [ view_parse ] --START--
INFO: [ template_filter ] --START--
INFO: Run Behavior\ContentReplaceBehavior [ RunTime:0.000000s ]
INFO: [ template_filter ] --END-- [ RunTime:0.000000s ]
NOTIC: [8] Use of undefined constant id - assumed 'id' D:\phpStudy\WWW\thinkPHP\du\Runtime\Cache\Home\f23ca8bfa3bd38fd59ee07ce7ba12bf0.php 第 15 行.
NOTIC: [8] Use of undefined constant name - assumed 'name' D:\phpStudy\WWW\thinkPHP\du\Runtime\Cache\Home\f23ca8bfa3bd38fd59ee07ce7ba12bf0.php 第 16 行.
NOTIC: [8] Use of undefined constant id - assumed 'id' D:\phpStudy\WWW\thinkPHP\du\Runtime\Cache\Home\f23ca8bfa3bd38fd59ee07ce7ba12bf0.php 第 17 行.
NOTIC: [8] Use of undefined constant id - assumed 'id' D:\phpStudy\WWW\thinkPHP\du\Runtime\Cache\Home\f23ca8bfa3bd38fd59ee07ce7ba12bf0.php 第 18 行.
NOTIC: [8] Use of undefined constant id - assumed 'id' D:\phpStudy\WWW\thinkPHP\du\Runtime\Cache\Home\f23ca8bfa3bd38fd59ee07ce7ba12bf0.php 第 15 行.
NOTIC: [8] Use of undefined constant name - assumed 'name' D:\phpStudy\WWW\thinkPHP\du\Runtime\Cache\Home\f23ca8bfa3bd38fd59ee07ce7ba12bf0.php 第 16 行.
NOTIC: [8] Use of undefined constant id - assumed 'id' D:\phpStudy\WWW\thinkPHP\du\Runtime\Cache\Home\f23ca8bfa3bd38fd59ee07ce7ba12bf0.php 第 17 行.
NOTIC: [8] Use of undefined constant id - assumed 'id' D:\phpStudy\WWW\thinkPHP\du\Runtime\Cache\Home\f23ca8bfa3bd38fd59ee07ce7ba12bf0.php 第 18 行.
NOTIC: [8] Use of undefined constant id - assumed 'id' D:\phpStudy\WWW\thinkPHP\du\Runtime\Cache\Home\f23ca8bfa3bd38fd59ee07ce7ba12bf0.php 第 15 行.
NOTIC: [8] Use of undefined constant name - assumed 'name' D:\phpStudy\WWW\thinkPHP\du\Runtime\Cache\Home\f23ca8bfa3bd38fd59ee07ce7ba12bf0.php 第 16 行.
NOTIC: [8] Use of undefined constant id - assumed 'id' D:\phpStudy\WWW\thinkPHP\du\Runtime\Cache\Home\f23ca8bfa3bd38fd59ee07ce7ba12bf0.php 第 17 行.
NOTIC: [8] Use of undefined constant id - assumed 'id' D:\phpStudy\WWW\thinkPHP\du\Runtime\Cache\Home\f23ca8bfa3bd38fd59ee07ce7ba12bf0.php 第 18 行.
NOTIC: [8] Use of undefined constant id - assumed 'id' D:\phpStudy\WWW\thinkPHP\du\Runtime\Cache\Home\f23ca8bfa3bd38fd59ee07ce7ba12bf0.php 第 15 行.
NOTIC: [8] Use of undefined constant name - assumed 'name' D:\phpStudy\WWW\thinkPHP\du\Runtime\Cache\Home\f23ca8bfa3bd38fd59ee07ce7ba12bf0.php 第 16 行.
NOTIC: [8] Use of undefined constant id - assumed 'id' D:\phpStudy\WWW\thinkPHP\du\Runtime\Cache\Home\f23ca8bfa3bd38fd59ee07ce7ba12bf0.php 第 17 行.
NOTIC: [8] Use of undefined constant id - assumed 'id' D:\phpStudy\WWW\thinkPHP\du\Runtime\Cache\Home\f23ca8bfa3bd38fd59ee07ce7ba12bf0.php 第 18 行.
NOTIC: [8] Use of undefined constant id - assumed 'id' D:\phpStudy\WWW\thinkPHP\du\Runtime\Cache\Home\f23ca8bfa3bd38fd59ee07ce7ba12bf0.php 第 15 行.
NOTIC: [8] Use of undefined constant name - assumed 'name' D:\phpStudy\WWW\thinkPHP\du\Runtime\Cache\Home\f23ca8bfa3bd38fd59ee07ce7ba12bf0.php 第 16 行.
NOTIC: [8] Use of undefined constant id - assumed 'id' D:\phpStudy\WWW\thinkPHP\du\Runtime\Cache\Home\f23ca8bfa3bd38fd59ee07ce7ba12bf0.php 第 17 行.
NOTIC: [8] Use of undefined constant id - assumed 'id' D:\phpStudy\WWW\thinkPHP\du\Runtime\Cache\Home\f23ca8bfa3bd38fd59ee07ce7ba12bf0.php 第 18 行.
NOTIC: [8] Use of undefined constant id - assumed 'id' D:\phpStudy\WWW\thinkPHP\du\Runtime\Cache\Home\f23ca8bfa3bd38fd59ee07ce7ba12bf0.php 第 15 行.
NOTIC: [8] Use of undefined constant name - assumed 'name' D:\phpStudy\WWW\thinkPHP\du\Runtime\Cache\Home\f23ca8bfa3bd38fd59ee07ce7ba12bf0.php 第 16 行.
NOTIC: [8] Use of undefined constant id - assumed 'id' D:\phpStudy\WWW\thinkPHP\du\Runtime\Cache\Home\f23ca8bfa3bd38fd59ee07ce7ba12bf0.php 第 17 行.
NOTIC: [8] Use of undefined constant id - assumed 'id' D:\phpStudy\WWW\thinkPHP\du\Runtime\Cache\Home\f23ca8bfa3bd38fd59ee07ce7ba12bf0.php 第 18 行.
NOTIC: [8] Use of undefined constant id - assumed 'id' D:\phpStudy\WWW\thinkPHP\du\Runtime\Cache\Home\f23ca8bfa3bd38fd59ee07ce7ba12bf0.php 第 15 行.
NOTIC: [8] Use of undefined constant name - assumed 'name' D:\phpStudy\WWW\thinkPHP\du\Runtime\Cache\Home\f23ca8bfa3bd38fd59ee07ce7ba12bf0.php 第 16 行.
NOTIC: [8] Use of undefined constant id - assumed 'id' D:\phpStudy\WWW\thinkPHP\du\Runtime\Cache\Home\f23ca8bfa3bd38fd59ee07ce7ba12bf0.php 第 17 行.
NOTIC: [8] Use of undefined constant id - assumed 'id' D:\phpStudy\WWW\thinkPHP\du\Runtime\Cache\Home\f23ca8bfa3bd38fd59ee07ce7ba12bf0.php 第 18 行.
NOTIC: [8] Use of undefined constant id - assumed 'id' D:\phpStudy\WWW\thinkPHP\du\Runtime\Cache\Home\f23ca8bfa3bd38fd59ee07ce7ba12bf0.php 第 15 行.
NOTIC: [8] Use of undefined constant name - assumed 'name' D:\phpStudy\WWW\thinkPHP\du\Runtime\Cache\Home\f23ca8bfa3bd38fd59ee07ce7ba12bf0.php 第 16 行.
NOTIC: [8] Use of undefined constant id - assumed 'id' D:\phpStudy\WWW\thinkPHP\du\Runtime\Cache\Home\f23ca8bfa3bd38fd59ee07ce7ba12bf0.php 第 17 行.
NOTIC: [8] Use of undefined constant id - assumed 'id' D:\phpStudy\WWW\thinkPHP\du\Runtime\Cache\Home\f23ca8bfa3bd38fd59ee07ce7ba12bf0.php 第 18 行.
NOTIC: [8] Use of undefined constant id - assumed 'id' D:\phpStudy\WWW\thinkPHP\du\Runtime\Cache\Home\f23ca8bfa3bd38fd59ee07ce7ba12bf0.php 第 15 行.
NOTIC: [8] Use of undefined constant name - assumed 'name' D:\phpStudy\WWW\thinkPHP\du\Runtime\Cache\Home\f23ca8bfa3bd38fd59ee07ce7ba12bf0.php 第 16 行.
NOTIC: [8] Use of undefined constant id - assumed 'id' D:\phpStudy\WWW\thinkPHP\du\Runtime\Cache\Home\f23ca8bfa3bd38fd59ee07ce7ba12bf0.php 第 17 行.
NOTIC: [8] Use of undefined constant id - assumed 'id' D:\phpStudy\WWW\thinkPHP\du\Runtime\Cache\Home\f23ca8bfa3bd38fd59ee07ce7ba12bf0.php 第 18 行.
NOTIC: [8] Use of undefined constant id - assumed 'id' D:\phpStudy\WWW\thinkPHP\du\Runtime\Cache\Home\f23ca8bfa3bd38fd59ee07ce7ba12bf0.php 第 15 行.
NOTIC: [8] Use of undefined constant name - assumed 'name' D:\phpStudy\WWW\thinkPHP\du\Runtime\Cache\Home\f23ca8bfa3bd38fd59ee07ce7ba12bf0.php 第 16 行.
NOTIC: [8] Use of undefined constant id - assumed 'id' D:\phpStudy\WWW\thinkPHP\du\Runtime\Cache\Home\f23ca8bfa3bd38fd59ee07ce7ba12bf0.php 第 17 行.
NOTIC: [8] Use of undefined constant id - assumed 'id' D:\phpStudy\WWW\thinkPHP\du\Runtime\Cache\Home\f23ca8bfa3bd38fd59ee07ce7ba12bf0.php 第 18 行.
NOTIC: [8] Use of undefined constant id - assumed 'id' D:\phpStudy\WWW\thinkPHP\du\Runtime\Cache\Home\f23ca8bfa3bd38fd59ee07ce7ba12bf0.php 第 15 行.
NOTIC: [8] Use of undefined constant name - assumed 'name' D:\phpStudy\WWW\thinkPHP\du\Runtime\Cache\Home\f23ca8bfa3bd38fd59ee07ce7ba12bf0.php 第 16 行.
NOTIC: [8] Use of undefined constant id - assumed 'id' D:\phpStudy\WWW\thinkPHP\du\Runtime\Cache\Home\f23ca8bfa3bd38fd59ee07ce7ba12bf0.php 第 17 行.
NOTIC: [8] Use of undefined constant id - assumed 'id' D:\phpStudy\WWW\thinkPHP\du\Runtime\Cache\Home\f23ca8bfa3bd38fd59ee07ce7ba12bf0.php 第 18 行.
NOTIC: [8] Use of undefined constant id - assumed 'id' D:\phpStudy\WWW\thinkPHP\du\Runtime\Cache\Home\f23ca8bfa3bd38fd59ee07ce7ba12bf0.php 第 15 行.
NOTIC: [8] Use of undefined constant name - assumed 'name' D:\phpStudy\WWW\thinkPHP\du\Runtime\Cache\Home\f23ca8bfa3bd38fd59ee07ce7ba12bf0.php 第 16 行.
NOTIC: [8] Use of undefined constant id - assumed 'id' D:\phpStudy\WWW\thinkPHP\du\Runtime\Cache\Home\f23ca8bfa3bd38fd59ee07ce7ba12bf0.php 第 17 行.
NOTIC: [8] Use of undefined constant id - assumed 'id' D:\phpStudy\WWW\thinkPHP\du\Runtime\Cache\Home\f23ca8bfa3bd38fd59ee07ce7ba12bf0.php 第 18 行.
NOTIC: [8] Use of undefined constant id - assumed 'id' D:\phpStudy\WWW\thinkPHP\du\Runtime\Cache\Home\f23ca8bfa3bd38fd59ee07ce7ba12bf0.php 第 15 行.
NOTIC: [8] Use of undefined constant name - assumed 'name' D:\phpStudy\WWW\thinkPHP\du\Runtime\Cache\Home\f23ca8bfa3bd38fd59ee07ce7ba12bf0.php 第 16 行.
NOTIC: [8] Use of undefined constant id - assumed 'id' D:\phpStudy\WWW\thinkPHP\du\Runtime\Cache\Home\f23ca8bfa3bd38fd59ee07ce7ba12bf0.php 第 17 行.
NOTIC: [8] Use of undefined constant id - assumed 'id' D:\phpStudy\WWW\thinkPHP\du\Runtime\Cache\Home\f23ca8bfa3bd38fd59ee07ce7ba12bf0.php 第 18 行.
NOTIC: [8] Use of undefined constant id - assumed 'id' D:\phpStudy\WWW\thinkPHP\du\Runtime\Cache\Home\f23ca8bfa3bd38fd59ee07ce7ba12bf0.php 第 15 行.
NOTIC: [8] Use of undefined constant name - assumed 'name' D:\phpStudy\WWW\thinkPHP\du\Runtime\Cache\Home\f23ca8bfa3bd38fd59ee07ce7ba12bf0.php 第 16 行.
NOTIC: [8] Use of undefined constant id - assumed 'id' D:\phpStudy\WWW\thinkPHP\du\Runtime\Cache\Home\f23ca8bfa3bd38fd59ee07ce7ba12bf0.php 第 17 行.
NOTIC: [8] Use of undefined constant id - assumed 'id' D:\phpStudy\WWW\thinkPHP\du\Runtime\Cache\Home\f23ca8bfa3bd38fd59ee07ce7ba12bf0.php 第 18 行.
NOTIC: [8] Use of undefined constant id - assumed 'id' D:\phpStudy\WWW\thinkPHP\du\Runtime\Cache\Home\f23ca8bfa3bd38fd59ee07ce7ba12bf0.php 第 15 行.
NOTIC: [8] Use of undefined constant name - assumed 'name' D:\phpStudy\WWW\thinkPHP\du\Runtime\Cache\Home\f23ca8bfa3bd38fd59ee07ce7ba12bf0.php 第 16 行.
NOTIC: [8] Use of undefined constant id - assumed 'id' D:\phpStudy\WWW\thinkPHP\du\Runtime\Cache\Home\f23ca8bfa3bd38fd59ee07ce7ba12bf0.php 第 17 行.
NOTIC: [8] Use of undefined constant id - assumed 'id' D:\phpStudy\WWW\thinkPHP\du\Runtime\Cache\Home\f23ca8bfa3bd38fd59ee07ce7ba12bf0.php 第 18 行.
NOTIC: [8] Use of undefined constant id - assumed 'id' D:\phpStudy\WWW\thinkPHP\du\Runtime\Cache\Home\f23ca8bfa3bd38fd59ee07ce7ba12bf0.php 第 15 行.
NOTIC: [8] Use of undefined constant name - assumed 'name' D:\phpStudy\WWW\thinkPHP\du\Runtime\Cache\Home\f23ca8bfa3bd38fd59ee07ce7ba12bf0.php 第 16 行.
NOTIC: [8] Use of undefined constant id - assumed 'id' D:\phpStudy\WWW\thinkPHP\du\Runtime\Cache\Home\f23ca8bfa3bd38fd59ee07ce7ba12bf0.php 第 17 行.
NOTIC: [8] Use of undefined constant id - assumed 'id' D:\phpStudy\WWW\thinkPHP\du\Runtime\Cache\Home\f23ca8bfa3bd38fd59ee07ce7ba12bf0.php 第 18 行.
INFO: Run Behavior\ParseTemplateBehavior [ RunTime:0.009000s ]
INFO: [ view_parse ] --END-- [ RunTime:0.009000s ]
INFO: [ view_filter ] --START--
INFO: Run Behavior\WriteHtmlCacheBehavior [ RunTime:0.000000s ]
INFO: [ view_filter ] --END-- [ RunTime:0.001000s ]
INFO: [ app_end ] --START--
INFO: Run Behavior\ShowPageTraceBehavior [ RunTime:0.000000s ]
INFO: [ app_end ] --END-- [ RunTime:0.000000s ]

